The system is: Linux - 4.4.0-42-generic - x86_64
Compiling the C compiler identification source file "CMakeCCompilerId.c" succeeded.
Compiler: /usr/bin/cc 
Build flags: 
Id flags: 

The output was:
0


Compilation of the C compiler identification source "CMakeCCompilerId.c" produced "a.out"

The C compiler identification is GNU, found in "/home/safeer/Documents/synergy/build/release/CMakeFiles/3.5.1/CompilerIdC/a.out"

Compiling the CXX compiler identification source file "CMakeCXXCompilerId.cpp" succeeded.
Compiler: /usr/bin/c++ 
Build flags: 
Id flags: 

The output was:
0


Compilation of the CXX compiler identification source "CMakeCXXCompilerId.cpp" produced "a.out"

The CXX compiler identification is GNU, found in "/home/safeer/Documents/synergy/build/release/CMakeFiles/3.5.1/CompilerIdCXX/a.out"

Determining if the C compiler works passed with the following output:
Change Dir: /home/safeer/Documents/synergy/build/release/CMakeFiles/CMakeTmp

Run Build Command:"/usr/bin/make" "cmTC_fb97f/fast"
/usr/bin/make -f CMakeFiles/cmTC_fb97f.dir/build.make CMakeFiles/cmTC_fb97f.dir/build
make[1]: Entering directory '/home/safeer/Documents/synergy/build/release/CMakeFiles/CMakeTmp'
Building C object CMakeFiles/cmTC_fb97f.dir/testCCompiler.c.o
/usr/bin/cc     -o CMakeFiles/cmTC_fb97f.dir/testCCompiler.c.o   -c /home/safeer/Documents/synergy/build/release/CMakeFiles/CMakeTmp/testCCompiler.c
Linking C executable cmTC_fb97f
/usr/bin/cmake -E cmake_link_script CMakeFiles/cmTC_fb97f.dir/link.txt --verbose=1
/usr/bin/cc       CMakeFiles/cmTC_fb97f.dir/testCCompiler.c.o  -o cmTC_fb97f -rdynamic 
make[1]: Leaving directory '/home/safeer/Documents/synergy/build/release/CMakeFiles/CMakeTmp'


Detecting C compiler ABI info compiled with the following output:
Change Dir: /home/safeer/Documents/synergy/build/release/CMakeFiles/CMakeTmp

Run Build Command:"/usr/bin/make" "cmTC_01d12/fast"
/usr/bin/make -f CMakeFiles/cmTC_01d12.dir/build.make CMakeFiles/cmTC_01d12.dir/build
make[1]: Entering directory '/home/safeer/Documents/synergy/build/release/CMakeFiles/CMakeTmp'
Building C object CMakeFiles/cmTC_01d12.dir/CMakeCCompilerABI.c.o
/usr/bin/cc     -o CMakeFiles/cmTC_01d12.dir/CMakeCCompilerABI.c.o   -c /usr/share/cmake-3.5/Modules/CMakeCCompilerABI.c
Linking C executable cmTC_01d12
/usr/bin/cmake -E cmake_link_script CMakeFiles/cmTC_01d12.dir/link.txt --verbose=1
/usr/bin/cc      -v CMakeFiles/cmTC_01d12.dir/CMakeCCompilerABI.c.o  -o cmTC_01d12 -rdynamic  
Using built-in specs.
COLLECT_GCC=/usr/bin/cc
COLLECT_LTO_WRAPPER=/usr/lib/gcc/x86_64-linux-gnu/5/lto-wrapper
Target: x86_64-linux-gnu
Configured with: ../src/configure -v --with-pkgversion='Ubuntu 5.4.0-6ubuntu1~16.04.2' --with-bugurl=file:///usr/share/doc/gcc-5/README.Bugs --enable-languages=c,ada,c++,java,go,d,fortran,objc,obj-c++ --prefix=/usr --program-suffix=-5 --enable-shared --enable-linker-build-id --libexecdir=/usr/lib --without-included-gettext --enable-threads=posix --libdir=/usr/lib --enable-nls --with-sysroot=/ --enable-clocale=gnu --enable-libstdcxx-debug --enable-libstdcxx-time=yes --with-default-libstdcxx-abi=new --enable-gnu-unique-object --disable-vtable-verify --enable-libmpx --enable-plugin --with-system-zlib --disable-browser-plugin --enable-java-awt=gtk --enable-gtk-cairo --with-java-home=/usr/lib/jvm/java-1.5.0-gcj-5-amd64/jre --enable-java-home --with-jvm-root-dir=/usr/lib/jvm/java-1.5.0-gcj-5-amd64 --with-jvm-jar-dir=/usr/lib/jvm-exports/java-1.5.0-gcj-5-amd64 --with-arch-directory=amd64 --with-ecj-jar=/usr/share/java/eclipse-ecj.jar --enable-objc-gc --enable-multiarch --disable-werror --with-arch-32=i686 --with-abi=m64 --with-multilib-list=m32,m64,mx32 --enable-multilib --with-tune=generic --enable-checking=release --build=x86_64-linux-gnu --host=x86_64-linux-gnu --target=x86_64-linux-gnu
Thread model: posix
gcc version 5.4.0 20160609 (Ubuntu 5.4.0-6ubuntu1~16.04.2) 
COMPILER_PATH=/usr/lib/gcc/x86_64-linux-gnu/5/:/usr/lib/gcc/x86_64-linux-gnu/5/:/usr/lib/gcc/x86_64-linux-gnu/:/usr/lib/gcc/x86_64-linux-gnu/5/:/usr/lib/gcc/x86_64-linux-gnu/
LIBRARY_PATH=/usr/lib/gcc/x86_64-linux-gnu/5/:/usr/lib/gcc/x86_64-linux-gnu/5/../../../x86_64-linux-gnu/:/usr/lib/gcc/x86_64-linux-gnu/5/../../../../lib/:/lib/x86_64-linux-gnu/:/lib/../lib/:/usr/lib/x86_64-linux-gnu/:/usr/lib/../lib/:/usr/lib/gcc/x86_64-linux-gnu/5/../../../:/lib/:/usr/lib/
COLLECT_GCC_OPTIONS='-v' '-o' 'cmTC_01d12' '-rdynamic' '-mtune=generic' '-march=x86-64'
 /usr/lib/gcc/x86_64-linux-gnu/5/collect2 -plugin /usr/lib/gcc/x86_64-linux-gnu/5/liblto_plugin.so -plugin-opt=/usr/lib/gcc/x86_64-linux-gnu/5/lto-wrapper -plugin-opt=-fresolution=/tmp/ccye3sPI.res -plugin-opt=-pass-through=-lgcc -plugin-opt=-pass-through=-lgcc_s -plugin-opt=-pass-through=-lc -plugin-opt=-pass-through=-lgcc -plugin-opt=-pass-through=-lgcc_s --sysroot=/ --build-id --eh-frame-hdr -m elf_x86_64 --hash-style=gnu --as-needed -export-dynamic -dynamic-linker /lib64/ld-linux-x86-64.so.2 -z relro -o cmTC_01d12 /usr/lib/gcc/x86_64-linux-gnu/5/../../../x86_64-linux-gnu/crt1.o /usr/lib/gcc/x86_64-linux-gnu/5/../../../x86_64-linux-gnu/crti.o /usr/lib/gcc/x86_64-linux-gnu/5/crtbegin.o -L/usr/lib/gcc/x86_64-linux-gnu/5 -L/usr/lib/gcc/x86_64-linux-gnu/5/../../../x86_64-linux-gnu -L/usr/lib/gcc/x86_64-linux-gnu/5/../../../../lib -L/lib/x86_64-linux-gnu -L/lib/../lib -L/usr/lib/x86_64-linux-gnu -L/usr/lib/../lib -L/usr/lib/gcc/x86_64-linux-gnu/5/../../.. CMakeFiles/cmTC_01d12.dir/CMakeCCompilerABI.c.o -lgcc --as-needed -lgcc_s --no-as-needed -lc -lgcc --as-needed -lgcc_s --no-as-needed /usr/lib/gcc/x86_64-linux-gnu/5/crtend.o /usr/lib/gcc/x86_64-linux-gnu/5/../../../x86_64-linux-gnu/crtn.o
make[1]: Leaving directory '/home/safeer/Documents/synergy/build/release/CMakeFiles/CMakeTmp'


Parsed C implicit link information from above output:
  link line regex: [^( *|.*[/\])(ld|([^/\]+-)?ld|collect2)[^/\]*( |$)]
  ignore line: [Change Dir: /home/safeer/Documents/synergy/build/release/CMakeFiles/CMakeTmp]
  ignore line: []
  ignore line: [Run Build Command:"/usr/bin/make" "cmTC_01d12/fast"]
  ignore line: [/usr/bin/make -f CMakeFiles/cmTC_01d12.dir/build.make CMakeFiles/cmTC_01d12.dir/build]
  ignore line: [make[1]: Entering directory '/home/safeer/Documents/synergy/build/release/CMakeFiles/CMakeTmp']
  ignore line: [Building C object CMakeFiles/cmTC_01d12.dir/CMakeCCompilerABI.c.o]
  ignore line: [/usr/bin/cc     -o CMakeFiles/cmTC_01d12.dir/CMakeCCompilerABI.c.o   -c /usr/share/cmake-3.5/Modules/CMakeCCompilerABI.c]
  ignore line: [Linking C executable cmTC_01d12]
  ignore line: [/usr/bin/cmake -E cmake_link_script CMakeFiles/cmTC_01d12.dir/link.txt --verbose=1]
  ignore line: [/usr/bin/cc      -v CMakeFiles/cmTC_01d12.dir/CMakeCCompilerABI.c.o  -o cmTC_01d12 -rdynamic  ]
  ignore line: [Using built-in specs.]
  ignore line: [COLLECT_GCC=/usr/bin/cc]
  ignore line: [COLLECT_LTO_WRAPPER=/usr/lib/gcc/x86_64-linux-gnu/5/lto-wrapper]
  ignore line: [Target: x86_64-linux-gnu]
  ignore line: [Configured with: ../src/configure -v --with-pkgversion='Ubuntu 5.4.0-6ubuntu1~16.04.2' --with-bugurl=file:///usr/share/doc/gcc-5/README.Bugs --enable-languages=c,ada,c++,java,go,d,fortran,objc,obj-c++ --prefix=/usr --program-suffix=-5 --enable-shared --enable-linker-build-id --libexecdir=/usr/lib --without-included-gettext --enable-threads=posix --libdir=/usr/lib --enable-nls --with-sysroot=/ --enable-clocale=gnu --enable-libstdcxx-debug --enable-libstdcxx-time=yes --with-default-libstdcxx-abi=new --enable-gnu-unique-object --disable-vtable-verify --enable-libmpx --enable-plugin --with-system-zlib --disable-browser-plugin --enable-java-awt=gtk --enable-gtk-cairo --with-java-home=/usr/lib/jvm/java-1.5.0-gcj-5-amd64/jre --enable-java-home --with-jvm-root-dir=/usr/lib/jvm/java-1.5.0-gcj-5-amd64 --with-jvm-jar-dir=/usr/lib/jvm-exports/java-1.5.0-gcj-5-amd64 --with-arch-directory=amd64 --with-ecj-jar=/usr/share/java/eclipse-ecj.jar --enable-objc-gc --enable-multiarch --disable-werror --with-arch-32=i686 --with-abi=m64 --with-multilib-list=m32,m64,mx32 --enable-multilib --with-tune=generic --enable-checking=release --build=x86_64-linux-gnu --host=x86_64-linux-gnu --target=x86_64-linux-gnu]
  ignore line: [Thread model: posix]
  ignore line: [gcc version 5.4.0 20160609 (Ubuntu 5.4.0-6ubuntu1~16.04.2) ]
  ignore line: [COMPILER_PATH=/usr/lib/gcc/x86_64-linux-gnu/5/:/usr/lib/gcc/x86_64-linux-gnu/5/:/usr/lib/gcc/x86_64-linux-gnu/:/usr/lib/gcc/x86_64-linux-gnu/5/:/usr/lib/gcc/x86_64-linux-gnu/]
  ignore line: [LIBRARY_PATH=/usr/lib/gcc/x86_64-linux-gnu/5/:/usr/lib/gcc/x86_64-linux-gnu/5/../../../x86_64-linux-gnu/:/usr/lib/gcc/x86_64-linux-gnu/5/../../../../lib/:/lib/x86_64-linux-gnu/:/lib/../lib/:/usr/lib/x86_64-linux-gnu/:/usr/lib/../lib/:/usr/lib/gcc/x86_64-linux-gnu/5/../../../:/lib/:/usr/lib/]
  ignore line: [COLLECT_GCC_OPTIONS='-v' '-o' 'cmTC_01d12' '-rdynamic' '-mtune=generic' '-march=x86-64']
  link line: [ /usr/lib/gcc/x86_64-linux-gnu/5/collect2 -plugin /usr/lib/gcc/x86_64-linux-gnu/5/liblto_plugin.so -plugin-opt=/usr/lib/gcc/x86_64-linux-gnu/5/lto-wrapper -plugin-opt=-fresolution=/tmp/ccye3sPI.res -plugin-opt=-pass-through=-lgcc -plugin-opt=-pass-through=-lgcc_s -plugin-opt=-pass-through=-lc -plugin-opt=-pass-through=-lgcc -plugin-opt=-pass-through=-lgcc_s --sysroot=/ --build-id --eh-frame-hdr -m elf_x86_64 --hash-style=gnu --as-needed -export-dynamic -dynamic-linker /lib64/ld-linux-x86-64.so.2 -z relro -o cmTC_01d12 /usr/lib/gcc/x86_64-linux-gnu/5/../../../x86_64-linux-gnu/crt1.o /usr/lib/gcc/x86_64-linux-gnu/5/../../../x86_64-linux-gnu/crti.o /usr/lib/gcc/x86_64-linux-gnu/5/crtbegin.o -L/usr/lib/gcc/x86_64-linux-gnu/5 -L/usr/lib/gcc/x86_64-linux-gnu/5/../../../x86_64-linux-gnu -L/usr/lib/gcc/x86_64-linux-gnu/5/../../../../lib -L/lib/x86_64-linux-gnu -L/lib/../lib -L/usr/lib/x86_64-linux-gnu -L/usr/lib/../lib -L/usr/lib/gcc/x86_64-linux-gnu/5/../../.. CMakeFiles/cmTC_01d12.dir/CMakeCCompilerABI.c.o -lgcc --as-needed -lgcc_s --no-as-needed -lc -lgcc --as-needed -lgcc_s --no-as-needed /usr/lib/gcc/x86_64-linux-gnu/5/crtend.o /usr/lib/gcc/x86_64-linux-gnu/5/../../../x86_64-linux-gnu/crtn.o]
    arg [/usr/lib/gcc/x86_64-linux-gnu/5/collect2] ==> ignore
    arg [-plugin] ==> ignore
    arg [/usr/lib/gcc/x86_64-linux-gnu/5/liblto_plugin.so] ==> ignore
    arg [-plugin-opt=/usr/lib/gcc/x86_64-linux-gnu/5/lto-wrapper] ==> ignore
    arg [-plugin-opt=-fresolution=/tmp/ccye3sPI.res] ==> ignore
    arg [-plugin-opt=-pass-through=-lgcc] ==> ignore
    arg [-plugin-opt=-pass-through=-lgcc_s] ==> ignore
    arg [-plugin-opt=-pass-through=-lc] ==> ignore
    arg [-plugin-opt=-pass-through=-lgcc] ==> ignore
    arg [-plugin-opt=-pass-through=-lgcc_s] ==> ignore
    arg [--sysroot=/] ==> ignore
    arg [--build-id] ==> ignore
    arg [--eh-frame-hdr] ==> ignore
    arg [-m] ==> ignore
    arg [elf_x86_64] ==> ignore
    arg [--hash-style=gnu] ==> ignore
    arg [--as-needed] ==> ignore
    arg [-export-dynamic] ==> ignore
    arg [-dynamic-linker] ==> ignore
    arg [/lib64/ld-linux-x86-64.so.2] ==> ignore
    arg [-zrelro] ==> ignore
    arg [-o] ==> ignore
    arg [cmTC_01d12] ==> ignore
    arg [/usr/lib/gcc/x86_64-linux-gnu/5/../../../x86_64-linux-gnu/crt1.o] ==> ignore
    arg [/usr/lib/gcc/x86_64-linux-gnu/5/../../../x86_64-linux-gnu/crti.o] ==> ignore
    arg [/usr/lib/gcc/x86_64-linux-gnu/5/crtbegin.o] ==> ignore
    arg [-L/usr/lib/gcc/x86_64-linux-gnu/5] ==> dir [/usr/lib/gcc/x86_64-linux-gnu/5]
    arg [-L/usr/lib/gcc/x86_64-linux-gnu/5/../../../x86_64-linux-gnu] ==> dir [/usr/lib/gcc/x86_64-linux-gnu/5/../../../x86_64-linux-gnu]
    arg [-L/usr/lib/gcc/x86_64-linux-gnu/5/../../../../lib] ==> dir [/usr/lib/gcc/x86_64-linux-gnu/5/../../../../lib]
    arg [-L/lib/x86_64-linux-gnu] ==> dir [/lib/x86_64-linux-gnu]
    arg [-L/lib/../lib] ==> dir [/lib/../lib]
    arg [-L/usr/lib/x86_64-linux-gnu] ==> dir [/usr/lib/x86_64-linux-gnu]
    arg [-L/usr/lib/../lib] ==> dir [/usr/lib/../lib]
    arg [-L/usr/lib/gcc/x86_64-linux-gnu/5/../../..] ==> dir [/usr/lib/gcc/x86_64-linux-gnu/5/../../..]
    arg [CMakeFiles/cmTC_01d12.dir/CMakeCCompilerABI.c.o] ==> ignore
    arg [-lgcc] ==> lib [gcc]
    arg [--as-needed] ==> ignore
    arg [-lgcc_s] ==> lib [gcc_s]
    arg [--no-as-needed] ==> ignore
    arg [-lc] ==> lib [c]
    arg [-lgcc] ==> lib [gcc]
    arg [--as-needed] ==> ignore
    arg [-lgcc_s] ==> lib [gcc_s]
    arg [--no-as-needed] ==> ignore
    arg [/usr/lib/gcc/x86_64-linux-gnu/5/crtend.o] ==> ignore
    arg [/usr/lib/gcc/x86_64-linux-gnu/5/../../../x86_64-linux-gnu/crtn.o] ==> ignore
  remove lib [gcc]
  remove lib [gcc_s]
  remove lib [gcc]
  remove lib [gcc_s]
  collapse library dir [/usr/lib/gcc/x86_64-linux-gnu/5] ==> [/usr/lib/gcc/x86_64-linux-gnu/5]
  collapse library dir [/usr/lib/gcc/x86_64-linux-gnu/5/../../../x86_64-linux-gnu] ==> [/usr/lib/x86_64-linux-gnu]
  collapse library dir [/usr/lib/gcc/x86_64-linux-gnu/5/../../../../lib] ==> [/usr/lib]
  collapse library dir [/lib/x86_64-linux-gnu] ==> [/lib/x86_64-linux-gnu]
  collapse library dir [/lib/../lib] ==> [/lib]
  collapse library dir [/usr/lib/x86_64-linux-gnu] ==> [/usr/lib/x86_64-linux-gnu]
  collapse library dir [/usr/lib/../lib] ==> [/usr/lib]
  collapse library dir [/usr/lib/gcc/x86_64-linux-gnu/5/../../..] ==> [/usr/lib]
  implicit libs: [c]
  implicit dirs: [/usr/lib/gcc/x86_64-linux-gnu/5;/usr/lib/x86_64-linux-gnu;/usr/lib;/lib/x86_64-linux-gnu;/lib]
  implicit fwks: []




Detecting C [-std=c11] compiler features compiled with the following output:
Change Dir: /home/safeer/Documents/synergy/build/release/CMakeFiles/CMakeTmp

Run Build Command:"/usr/bin/make" "cmTC_20888/fast"
/usr/bin/make -f CMakeFiles/cmTC_20888.dir/build.make CMakeFiles/cmTC_20888.dir/build
make[1]: Entering directory '/home/safeer/Documents/synergy/build/release/CMakeFiles/CMakeTmp'
Building C object CMakeFiles/cmTC_20888.dir/feature_tests.c.o
/usr/bin/cc    -std=c11 -o CMakeFiles/cmTC_20888.dir/feature_tests.c.o   -c /home/safeer/Documents/synergy/build/release/CMakeFiles/feature_tests.c
Linking C executable cmTC_20888
/usr/bin/cmake -E cmake_link_script CMakeFiles/cmTC_20888.dir/link.txt --verbose=1
/usr/bin/cc       CMakeFiles/cmTC_20888.dir/feature_tests.c.o  -o cmTC_20888 -rdynamic 
make[1]: Leaving directory '/home/safeer/Documents/synergy/build/release/CMakeFiles/CMakeTmp'


    Feature record: C_FEATURE:1c_function_prototypes
    Feature record: C_FEATURE:1c_restrict
    Feature record: C_FEATURE:1c_static_assert
    Feature record: C_FEATURE:1c_variadic_macros


Detecting C [-std=c99] compiler features compiled with the following output:
Change Dir: /home/safeer/Documents/synergy/build/release/CMakeFiles/CMakeTmp

Run Build Command:"/usr/bin/make" "cmTC_224dd/fast"
/usr/bin/make -f CMakeFiles/cmTC_224dd.dir/build.make CMakeFiles/cmTC_224dd.dir/build
make[1]: Entering directory '/home/safeer/Documents/synergy/build/release/CMakeFiles/CMakeTmp'
Building C object CMakeFiles/cmTC_224dd.dir/feature_tests.c.o
/usr/bin/cc    -std=c99 -o CMakeFiles/cmTC_224dd.dir/feature_tests.c.o   -c /home/safeer/Documents/synergy/build/release/CMakeFiles/feature_tests.c
Linking C executable cmTC_224dd
/usr/bin/cmake -E cmake_link_script CMakeFiles/cmTC_224dd.dir/link.txt --verbose=1
/usr/bin/cc       CMakeFiles/cmTC_224dd.dir/feature_tests.c.o  -o cmTC_224dd -rdynamic 
make[1]: Leaving directory '/home/safeer/Documents/synergy/build/release/CMakeFiles/CMakeTmp'


    Feature record: C_FEATURE:1c_function_prototypes
    Feature record: C_FEATURE:1c_restrict
    Feature record: C_FEATURE:0c_static_assert
    Feature record: C_FEATURE:1c_variadic_macros


Detecting C [-std=c90] compiler features compiled with the following output:
Change Dir: /home/safeer/Documents/synergy/build/release/CMakeFiles/CMakeTmp

Run Build Command:"/usr/bin/make" "cmTC_188d5/fast"
/usr/bin/make -f CMakeFiles/cmTC_188d5.dir/build.make CMakeFiles/cmTC_188d5.dir/build
make[1]: Entering directory '/home/safeer/Documents/synergy/build/release/CMakeFiles/CMakeTmp'
Building C object CMakeFiles/cmTC_188d5.dir/feature_tests.c.o
/usr/bin/cc    -std=c90 -o CMakeFiles/cmTC_188d5.dir/feature_tests.c.o   -c /home/safeer/Documents/synergy/build/release/CMakeFiles/feature_tests.c
Linking C executable cmTC_188d5
/usr/bin/cmake -E cmake_link_script CMakeFiles/cmTC_188d5.dir/link.txt --verbose=1
/usr/bin/cc       CMakeFiles/cmTC_188d5.dir/feature_tests.c.o  -o cmTC_188d5 -rdynamic 
make[1]: Leaving directory '/home/safeer/Documents/synergy/build/release/CMakeFiles/CMakeTmp'


    Feature record: C_FEATURE:1c_function_prototypes
    Feature record: C_FEATURE:0c_restrict
    Feature record: C_FEATURE:0c_static_assert
    Feature record: C_FEATURE:0c_variadic_macros
Determining if the CXX compiler works passed with the following output:
Change Dir: /home/safeer/Documents/synergy/build/release/CMakeFiles/CMakeTmp

Run Build Command:"/usr/bin/make" "cmTC_81f8b/fast"
/usr/bin/make -f CMakeFiles/cmTC_81f8b.dir/build.make CMakeFiles/cmTC_81f8b.dir/build
make[1]: Entering directory '/home/safeer/Documents/synergy/build/release/CMakeFiles/CMakeTmp'
Building CXX object CMakeFiles/cmTC_81f8b.dir/testCXXCompiler.cxx.o
/usr/bin/c++      -o CMakeFiles/cmTC_81f8b.dir/testCXXCompiler.cxx.o -c /home/safeer/Documents/synergy/build/release/CMakeFiles/CMakeTmp/testCXXCompiler.cxx
Linking CXX executable cmTC_81f8b
/usr/bin/cmake -E cmake_link_script CMakeFiles/cmTC_81f8b.dir/link.txt --verbose=1
/usr/bin/c++        CMakeFiles/cmTC_81f8b.dir/testCXXCompiler.cxx.o  -o cmTC_81f8b -rdynamic 
make[1]: Leaving directory '/home/safeer/Documents/synergy/build/release/CMakeFiles/CMakeTmp'


Detecting CXX compiler ABI info compiled with the following output:
Change Dir: /home/safeer/Documents/synergy/build/release/CMakeFiles/CMakeTmp

Run Build Command:"/usr/bin/make" "cmTC_83ca2/fast"
/usr/bin/make -f CMakeFiles/cmTC_83ca2.dir/build.make CMakeFiles/cmTC_83ca2.dir/build
make[1]: Entering directory '/home/safeer/Documents/synergy/build/release/CMakeFiles/CMakeTmp'
Building CXX object CMakeFiles/cmTC_83ca2.dir/CMakeCXXCompilerABI.cpp.o
/usr/bin/c++      -o CMakeFiles/cmTC_83ca2.dir/CMakeCXXCompilerABI.cpp.o -c /usr/share/cmake-3.5/Modules/CMakeCXXCompilerABI.cpp
Linking CXX executable cmTC_83ca2
/usr/bin/cmake -E cmake_link_script CMakeFiles/cmTC_83ca2.dir/link.txt --verbose=1
/usr/bin/c++       -v CMakeFiles/cmTC_83ca2.dir/CMakeCXXCompilerABI.cpp.o  -o cmTC_83ca2 -rdynamic  
Using built-in specs.
COLLECT_GCC=/usr/bin/c++
COLLECT_LTO_WRAPPER=/usr/lib/gcc/x86_64-linux-gnu/5/lto-wrapper
Target: x86_64-linux-gnu
Configured with: ../src/configure -v --with-pkgversion='Ubuntu 5.4.0-6ubuntu1~16.04.2' --with-bugurl=file:///usr/share/doc/gcc-5/README.Bugs --enable-languages=c,ada,c++,java,go,d,fortran,objc,obj-c++ --prefix=/usr --program-suffix=-5 --enable-shared --enable-linker-build-id --libexecdir=/usr/lib --without-included-gettext --enable-threads=posix --libdir=/usr/lib --enable-nls --with-sysroot=/ --enable-clocale=gnu --enable-libstdcxx-debug --enable-libstdcxx-time=yes --with-default-libstdcxx-abi=new --enable-gnu-unique-object --disable-vtable-verify --enable-libmpx --enable-plugin --with-system-zlib --disable-browser-plugin --enable-java-awt=gtk --enable-gtk-cairo --with-java-home=/usr/lib/jvm/java-1.5.0-gcj-5-amd64/jre --enable-java-home --with-jvm-root-dir=/usr/lib/jvm/java-1.5.0-gcj-5-amd64 --with-jvm-jar-dir=/usr/lib/jvm-exports/java-1.5.0-gcj-5-amd64 --with-arch-directory=amd64 --with-ecj-jar=/usr/share/java/eclipse-ecj.jar --enable-objc-gc --enable-multiarch --disable-werror --with-arch-32=i686 --with-abi=m64 --with-multilib-list=m32,m64,mx32 --enable-multilib --with-tune=generic --enable-checking=release --build=x86_64-linux-gnu --host=x86_64-linux-gnu --target=x86_64-linux-gnu
Thread model: posix
gcc version 5.4.0 20160609 (Ubuntu 5.4.0-6ubuntu1~16.04.2) 
COMPILER_PATH=/usr/lib/gcc/x86_64-linux-gnu/5/:/usr/lib/gcc/x86_64-linux-gnu/5/:/usr/lib/gcc/x86_64-linux-gnu/:/usr/lib/gcc/x86_64-linux-gnu/5/:/usr/lib/gcc/x86_64-linux-gnu/
LIBRARY_PATH=/usr/lib/gcc/x86_64-linux-gnu/5/:/usr/lib/gcc/x86_64-linux-gnu/5/../../../x86_64-linux-gnu/:/usr/lib/gcc/x86_64-linux-gnu/5/../../../../lib/:/lib/x86_64-linux-gnu/:/lib/../lib/:/usr/lib/x86_64-linux-gnu/:/usr/lib/../lib/:/usr/lib/gcc/x86_64-linux-gnu/5/../../../:/lib/:/usr/lib/
COLLECT_GCC_OPTIONS='-v' '-o' 'cmTC_83ca2' '-rdynamic' '-shared-libgcc' '-mtune=generic' '-march=x86-64'
 /usr/lib/gcc/x86_64-linux-gnu/5/collect2 -plugin /usr/lib/gcc/x86_64-linux-gnu/5/liblto_plugin.so -plugin-opt=/usr/lib/gcc/x86_64-linux-gnu/5/lto-wrapper -plugin-opt=-fresolution=/tmp/ccMerJwY.res -plugin-opt=-pass-through=-lgcc_s -plugin-opt=-pass-through=-lgcc -plugin-opt=-pass-through=-lc -plugin-opt=-pass-through=-lgcc_s -plugin-opt=-pass-through=-lgcc --sysroot=/ --build-id --eh-frame-hdr -m elf_x86_64 --hash-style=gnu --as-needed -export-dynamic -dynamic-linker /lib64/ld-linux-x86-64.so.2 -z relro -o cmTC_83ca2 /usr/lib/gcc/x86_64-linux-gnu/5/../../../x86_64-linux-gnu/crt1.o /usr/lib/gcc/x86_64-linux-gnu/5/../../../x86_64-linux-gnu/crti.o /usr/lib/gcc/x86_64-linux-gnu/5/crtbegin.o -L/usr/lib/gcc/x86_64-linux-gnu/5 -L/usr/lib/gcc/x86_64-linux-gnu/5/../../../x86_64-linux-gnu -L/usr/lib/gcc/x86_64-linux-gnu/5/../../../../lib -L/lib/x86_64-linux-gnu -L/lib/../lib -L/usr/lib/x86_64-linux-gnu -L/usr/lib/../lib -L/usr/lib/gcc/x86_64-linux-gnu/5/../../.. CMakeFiles/cmTC_83ca2.dir/CMakeCXXCompilerABI.cpp.o -lstdc++ -lm -lgcc_s -lgcc -lc -lgcc_s -lgcc /usr/lib/gcc/x86_64-linux-gnu/5/crtend.o /usr/lib/gcc/x86_64-linux-gnu/5/../../../x86_64-linux-gnu/crtn.o
make[1]: Leaving directory '/home/safeer/Documents/synergy/build/release/CMakeFiles/CMakeTmp'


Parsed CXX implicit link information from above output:
  link line regex: [^( *|.*[/\])(ld|([^/\]+-)?ld|collect2)[^/\]*( |$)]
  ignore line: [Change Dir: /home/safeer/Documents/synergy/build/release/CMakeFiles/CMakeTmp]
  ignore line: []
  ignore line: [Run Build Command:"/usr/bin/make" "cmTC_83ca2/fast"]
  ignore line: [/usr/bin/make -f CMakeFiles/cmTC_83ca2.dir/build.make CMakeFiles/cmTC_83ca2.dir/build]
  ignore line: [make[1]: Entering directory '/home/safeer/Documents/synergy/build/release/CMakeFiles/CMakeTmp']
  ignore line: [Building CXX object CMakeFiles/cmTC_83ca2.dir/CMakeCXXCompilerABI.cpp.o]
  ignore line: [/usr/bin/c++      -o CMakeFiles/cmTC_83ca2.dir/CMakeCXXCompilerABI.cpp.o -c /usr/share/cmake-3.5/Modules/CMakeCXXCompilerABI.cpp]
  ignore line: [Linking CXX executable cmTC_83ca2]
  ignore line: [/usr/bin/cmake -E cmake_link_script CMakeFiles/cmTC_83ca2.dir/link.txt --verbose=1]
  ignore line: [/usr/bin/c++       -v CMakeFiles/cmTC_83ca2.dir/CMakeCXXCompilerABI.cpp.o  -o cmTC_83ca2 -rdynamic  ]
  ignore line: [Using built-in specs.]
  ignore line: [COLLECT_GCC=/usr/bin/c++]
  ignore line: [COLLECT_LTO_WRAPPER=/usr/lib/gcc/x86_64-linux-gnu/5/lto-wrapper]
  ignore line: [Target: x86_64-linux-gnu]
  ignore line: [Configured with: ../src/configure -v --with-pkgversion='Ubuntu 5.4.0-6ubuntu1~16.04.2' --with-bugurl=file:///usr/share/doc/gcc-5/README.Bugs --enable-languages=c,ada,c++,java,go,d,fortran,objc,obj-c++ --prefix=/usr --program-suffix=-5 --enable-shared --enable-linker-build-id --libexecdir=/usr/lib --without-included-gettext --enable-threads=posix --libdir=/usr/lib --enable-nls --with-sysroot=/ --enable-clocale=gnu --enable-libstdcxx-debug --enable-libstdcxx-time=yes --with-default-libstdcxx-abi=new --enable-gnu-unique-object --disable-vtable-verify --enable-libmpx --enable-plugin --with-system-zlib --disable-browser-plugin --enable-java-awt=gtk --enable-gtk-cairo --with-java-home=/usr/lib/jvm/java-1.5.0-gcj-5-amd64/jre --enable-java-home --with-jvm-root-dir=/usr/lib/jvm/java-1.5.0-gcj-5-amd64 --with-jvm-jar-dir=/usr/lib/jvm-exports/java-1.5.0-gcj-5-amd64 --with-arch-directory=amd64 --with-ecj-jar=/usr/share/java/eclipse-ecj.jar --enable-objc-gc --enable-multiarch --disable-werror --with-arch-32=i686 --with-abi=m64 --with-multilib-list=m32,m64,mx32 --enable-multilib --with-tune=generic --enable-checking=release --build=x86_64-linux-gnu --host=x86_64-linux-gnu --target=x86_64-linux-gnu]
  ignore line: [Thread model: posix]
  ignore line: [gcc version 5.4.0 20160609 (Ubuntu 5.4.0-6ubuntu1~16.04.2) ]
  ignore line: [COMPILER_PATH=/usr/lib/gcc/x86_64-linux-gnu/5/:/usr/lib/gcc/x86_64-linux-gnu/5/:/usr/lib/gcc/x86_64-linux-gnu/:/usr/lib/gcc/x86_64-linux-gnu/5/:/usr/lib/gcc/x86_64-linux-gnu/]
  ignore line: [LIBRARY_PATH=/usr/lib/gcc/x86_64-linux-gnu/5/:/usr/lib/gcc/x86_64-linux-gnu/5/../../../x86_64-linux-gnu/:/usr/lib/gcc/x86_64-linux-gnu/5/../../../../lib/:/lib/x86_64-linux-gnu/:/lib/../lib/:/usr/lib/x86_64-linux-gnu/:/usr/lib/../lib/:/usr/lib/gcc/x86_64-linux-gnu/5/../../../:/lib/:/usr/lib/]
  ignore line: [COLLECT_GCC_OPTIONS='-v' '-o' 'cmTC_83ca2' '-rdynamic' '-shared-libgcc' '-mtune=generic' '-march=x86-64']
  link line: [ /usr/lib/gcc/x86_64-linux-gnu/5/collect2 -plugin /usr/lib/gcc/x86_64-linux-gnu/5/liblto_plugin.so -plugin-opt=/usr/lib/gcc/x86_64-linux-gnu/5/lto-wrapper -plugin-opt=-fresolution=/tmp/ccMerJwY.res -plugin-opt=-pass-through=-lgcc_s -plugin-opt=-pass-through=-lgcc -plugin-opt=-pass-through=-lc -plugin-opt=-pass-through=-lgcc_s -plugin-opt=-pass-through=-lgcc --sysroot=/ --build-id --eh-frame-hdr -m elf_x86_64 --hash-style=gnu --as-needed -export-dynamic -dynamic-linker /lib64/ld-linux-x86-64.so.2 -z relro -o cmTC_83ca2 /usr/lib/gcc/x86_64-linux-gnu/5/../../../x86_64-linux-gnu/crt1.o /usr/lib/gcc/x86_64-linux-gnu/5/../../../x86_64-linux-gnu/crti.o /usr/lib/gcc/x86_64-linux-gnu/5/crtbegin.o -L/usr/lib/gcc/x86_64-linux-gnu/5 -L/usr/lib/gcc/x86_64-linux-gnu/5/../../../x86_64-linux-gnu -L/usr/lib/gcc/x86_64-linux-gnu/5/../../../../lib -L/lib/x86_64-linux-gnu -L/lib/../lib -L/usr/lib/x86_64-linux-gnu -L/usr/lib/../lib -L/usr/lib/gcc/x86_64-linux-gnu/5/../../.. CMakeFiles/cmTC_83ca2.dir/CMakeCXXCompilerABI.cpp.o -lstdc++ -lm -lgcc_s -lgcc -lc -lgcc_s -lgcc /usr/lib/gcc/x86_64-linux-gnu/5/crtend.o /usr/lib/gcc/x86_64-linux-gnu/5/../../../x86_64-linux-gnu/crtn.o]
    arg [/usr/lib/gcc/x86_64-linux-gnu/5/collect2] ==> ignore
    arg [-plugin] ==> ignore
    arg [/usr/lib/gcc/x86_64-linux-gnu/5/liblto_plugin.so] ==> ignore
    arg [-plugin-opt=/usr/lib/gcc/x86_64-linux-gnu/5/lto-wrapper] ==> ignore
    arg [-plugin-opt=-fresolution=/tmp/ccMerJwY.res] ==> ignore
    arg [-plugin-opt=-pass-through=-lgcc_s] ==> ignore
    arg [-plugin-opt=-pass-through=-lgcc] ==> ignore
    arg [-plugin-opt=-pass-through=-lc] ==> ignore
    arg [-plugin-opt=-pass-through=-lgcc_s] ==> ignore
    arg [-plugin-opt=-pass-through=-lgcc] ==> ignore
    arg [--sysroot=/] ==> ignore
    arg [--build-id] ==> ignore
    arg [--eh-frame-hdr] ==> ignore
    arg [-m] ==> ignore
    arg [elf_x86_64] ==> ignore
    arg [--hash-style=gnu] ==> ignore
    arg [--as-needed] ==> ignore
    arg [-export-dynamic] ==> ignore
    arg [-dynamic-linker] ==> ignore
    arg [/lib64/ld-linux-x86-64.so.2] ==> ignore
    arg [-zrelro] ==> ignore
    arg [-o] ==> ignore
    arg [cmTC_83ca2] ==> ignore
    arg [/usr/lib/gcc/x86_64-linux-gnu/5/../../../x86_64-linux-gnu/crt1.o] ==> ignore
    arg [/usr/lib/gcc/x86_64-linux-gnu/5/../../../x86_64-linux-gnu/crti.o] ==> ignore
    arg [/usr/lib/gcc/x86_64-linux-gnu/5/crtbegin.o] ==> ignore
    arg [-L/usr/lib/gcc/x86_64-linux-gnu/5] ==> dir [/usr/lib/gcc/x86_64-linux-gnu/5]
    arg [-L/usr/lib/gcc/x86_64-linux-gnu/5/../../../x86_64-linux-gnu] ==> dir [/usr/lib/gcc/x86_64-linux-gnu/5/../../../x86_64-linux-gnu]
    arg [-L/usr/lib/gcc/x86_64-linux-gnu/5/../../../../lib] ==> dir [/usr/lib/gcc/x86_64-linux-gnu/5/../../../../lib]
    arg [-L/lib/x86_64-linux-gnu] ==> dir [/lib/x86_64-linux-gnu]
    arg [-L/lib/../lib] ==> dir [/lib/../lib]
    arg [-L/usr/lib/x86_64-linux-gnu] ==> dir [/usr/lib/x86_64-linux-gnu]
    arg [-L/usr/lib/../lib] ==> dir [/usr/lib/../lib]
    arg [-L/usr/lib/gcc/x86_64-linux-gnu/5/../../..] ==> dir [/usr/lib/gcc/x86_64-linux-gnu/5/../../..]
    arg [CMakeFiles/cmTC_83ca2.dir/CMakeCXXCompilerABI.cpp.o] ==> ignore
    arg [-lstdc++] ==> lib [stdc++]
    arg [-lm] ==> lib [m]
    arg [-lgcc_s] ==> lib [gcc_s]
    arg [-lgcc] ==> lib [gcc]
    arg [-lc] ==> lib [c]
    arg [-lgcc_s] ==> lib [gcc_s]
    arg [-lgcc] ==> lib [gcc]
    arg [/usr/lib/gcc/x86_64-linux-gnu/5/crtend.o] ==> ignore
    arg [/usr/lib/gcc/x86_64-linux-gnu/5/../../../x86_64-linux-gnu/crtn.o] ==> ignore
  remove lib [gcc_s]
  remove lib [gcc]
  remove lib [gcc_s]
  remove lib [gcc]
  collapse library dir [/usr/lib/gcc/x86_64-linux-gnu/5] ==> [/usr/lib/gcc/x86_64-linux-gnu/5]
  collapse library dir [/usr/lib/gcc/x86_64-linux-gnu/5/../../../x86_64-linux-gnu] ==> [/usr/lib/x86_64-linux-gnu]
  collapse library dir [/usr/lib/gcc/x86_64-linux-gnu/5/../../../../lib] ==> [/usr/lib]
  collapse library dir [/lib/x86_64-linux-gnu] ==> [/lib/x86_64-linux-gnu]
  collapse library dir [/lib/../lib] ==> [/lib]
  collapse library dir [/usr/lib/x86_64-linux-gnu] ==> [/usr/lib/x86_64-linux-gnu]
  collapse library dir [/usr/lib/../lib] ==> [/usr/lib]
  collapse library dir [/usr/lib/gcc/x86_64-linux-gnu/5/../../..] ==> [/usr/lib]
  implicit libs: [stdc++;m;c]
  implicit dirs: [/usr/lib/gcc/x86_64-linux-gnu/5;/usr/lib/x86_64-linux-gnu;/usr/lib;/lib/x86_64-linux-gnu;/lib]
  implicit fwks: []




Detecting CXX [-std=c++14] compiler features compiled with the following output:
Change Dir: /home/safeer/Documents/synergy/build/release/CMakeFiles/CMakeTmp

Run Build Command:"/usr/bin/make" "cmTC_c2a98/fast"
/usr/bin/make -f CMakeFiles/cmTC_c2a98.dir/build.make CMakeFiles/cmTC_c2a98.dir/build
make[1]: Entering directory '/home/safeer/Documents/synergy/build/release/CMakeFiles/CMakeTmp'
Building CXX object CMakeFiles/cmTC_c2a98.dir/feature_tests.cxx.o
/usr/bin/c++     -std=c++14 -o CMakeFiles/cmTC_c2a98.dir/feature_tests.cxx.o -c /home/safeer/Documents/synergy/build/release/CMakeFiles/feature_tests.cxx
Linking CXX executable cmTC_c2a98
/usr/bin/cmake -E cmake_link_script CMakeFiles/cmTC_c2a98.dir/link.txt --verbose=1
/usr/bin/c++        CMakeFiles/cmTC_c2a98.dir/feature_tests.cxx.o  -o cmTC_c2a98 -rdynamic 
make[1]: Leaving directory '/home/safeer/Documents/synergy/build/release/CMakeFiles/CMakeTmp'


    Feature record: CXX_FEATURE:1cxx_aggregate_default_initializers
    Feature record: CXX_FEATURE:1cxx_alias_templates
    Feature record: CXX_FEATURE:1cxx_alignas
    Feature record: CXX_FEATURE:1cxx_alignof
    Feature record: CXX_FEATURE:1cxx_attributes
    Feature record: CXX_FEATURE:1cxx_attribute_deprecated
    Feature record: CXX_FEATURE:1cxx_auto_type
    Feature record: CXX_FEATURE:1cxx_binary_literals
    Feature record: CXX_FEATURE:1cxx_constexpr
    Feature record: CXX_FEATURE:1cxx_contextual_conversions
    Feature record: CXX_FEATURE:1cxx_decltype
    Feature record: CXX_FEATURE:1cxx_decltype_auto
    Feature record: CXX_FEATURE:1cxx_decltype_incomplete_return_types
    Feature record: CXX_FEATURE:1cxx_default_function_template_args
    Feature record: CXX_FEATURE:1cxx_defaulted_functions
    Feature record: CXX_FEATURE:1cxx_defaulted_move_initializers
    Feature record: CXX_FEATURE:1cxx_delegating_constructors
    Feature record: CXX_FEATURE:1cxx_deleted_functions
    Feature record: CXX_FEATURE:1cxx_digit_separators
    Feature record: CXX_FEATURE:1cxx_enum_forward_declarations
    Feature record: CXX_FEATURE:1cxx_explicit_conversions
    Feature record: CXX_FEATURE:1cxx_extended_friend_declarations
    Feature record: CXX_FEATURE:1cxx_extern_templates
    Feature record: CXX_FEATURE:1cxx_final
    Feature record: CXX_FEATURE:1cxx_func_identifier
    Feature record: CXX_FEATURE:1cxx_generalized_initializers
    Feature record: CXX_FEATURE:1cxx_generic_lambdas
    Feature record: CXX_FEATURE:1cxx_inheriting_constructors
    Feature record: CXX_FEATURE:1cxx_inline_namespaces
    Feature record: CXX_FEATURE:1cxx_lambdas
    Feature record: CXX_FEATURE:1cxx_lambda_init_captures
    Feature record: CXX_FEATURE:1cxx_local_type_template_args
    Feature record: CXX_FEATURE:1cxx_long_long_type
    Feature record: CXX_FEATURE:1cxx_noexcept
    Feature record: CXX_FEATURE:1cxx_nonstatic_member_init
    Feature record: CXX_FEATURE:1cxx_nullptr
    Feature record: CXX_FEATURE:1cxx_override
    Feature record: CXX_FEATURE:1cxx_range_for
    Feature record: CXX_FEATURE:1cxx_raw_string_literals
    Feature record: CXX_FEATURE:1cxx_reference_qualified_functions
    Feature record: CXX_FEATURE:1cxx_relaxed_constexpr
    Feature record: CXX_FEATURE:1cxx_return_type_deduction
    Feature record: CXX_FEATURE:1cxx_right_angle_brackets
    Feature record: CXX_FEATURE:1cxx_rvalue_references
    Feature record: CXX_FEATURE:1cxx_sizeof_member
    Feature record: CXX_FEATURE:1cxx_static_assert
    Feature record: CXX_FEATURE:1cxx_strong_enums
    Feature record: CXX_FEATURE:1cxx_template_template_parameters
    Feature record: CXX_FEATURE:1cxx_thread_local
    Feature record: CXX_FEATURE:1cxx_trailing_return_types
    Feature record: CXX_FEATURE:1cxx_unicode_literals
    Feature record: CXX_FEATURE:1cxx_uniform_initialization
    Feature record: CXX_FEATURE:1cxx_unrestricted_unions
    Feature record: CXX_FEATURE:1cxx_user_literals
    Feature record: CXX_FEATURE:1cxx_variable_templates
    Feature record: CXX_FEATURE:1cxx_variadic_macros
    Feature record: CXX_FEATURE:1cxx_variadic_templates


Detecting CXX [-std=c++11] compiler features compiled with the following output:
Change Dir: /home/safeer/Documents/synergy/build/release/CMakeFiles/CMakeTmp

Run Build Command:"/usr/bin/make" "cmTC_593b1/fast"
/usr/bin/make -f CMakeFiles/cmTC_593b1.dir/build.make CMakeFiles/cmTC_593b1.dir/build
make[1]: Entering directory '/home/safeer/Documents/synergy/build/release/CMakeFiles/CMakeTmp'
Building CXX object CMakeFiles/cmTC_593b1.dir/feature_tests.cxx.o
/usr/bin/c++     -std=c++11 -o CMakeFiles/cmTC_593b1.dir/feature_tests.cxx.o -c /home/safeer/Documents/synergy/build/release/CMakeFiles/feature_tests.cxx
Linking CXX executable cmTC_593b1
/usr/bin/cmake -E cmake_link_script CMakeFiles/cmTC_593b1.dir/link.txt --verbose=1
/usr/bin/c++        CMakeFiles/cmTC_593b1.dir/feature_tests.cxx.o  -o cmTC_593b1 -rdynamic 
make[1]: Leaving directory '/home/safeer/Documents/synergy/build/release/CMakeFiles/CMakeTmp'


    Feature record: CXX_FEATURE:0cxx_aggregate_default_initializers
    Feature record: CXX_FEATURE:1cxx_alias_templates
    Feature record: CXX_FEATURE:1cxx_alignas
    Feature record: CXX_FEATURE:1cxx_alignof
    Feature record: CXX_FEATURE:1cxx_attributes
    Feature record: CXX_FEATURE:0cxx_attribute_deprecated
    Feature record: CXX_FEATURE:1cxx_auto_type
    Feature record: CXX_FEATURE:0cxx_binary_literals
    Feature record: CXX_FEATURE:1cxx_constexpr
    Feature record: CXX_FEATURE:0cxx_contextual_conversions
    Feature record: CXX_FEATURE:1cxx_decltype
    Feature record: CXX_FEATURE:0cxx_decltype_auto
    Feature record: CXX_FEATURE:1cxx_decltype_incomplete_return_types
    Feature record: CXX_FEATURE:1cxx_default_function_template_args
    Feature record: CXX_FEATURE:1cxx_defaulted_functions
    Feature record: CXX_FEATURE:1cxx_defaulted_move_initializers
    Feature record: CXX_FEATURE:1cxx_delegating_constructors
    Feature record: CXX_FEATURE:1cxx_deleted_functions
    Feature record: CXX_FEATURE:0cxx_digit_separators
    Feature record: CXX_FEATURE:1cxx_enum_forward_declarations
    Feature record: CXX_FEATURE:1cxx_explicit_conversions
    Feature record: CXX_FEATURE:1cxx_extended_friend_declarations
    Feature record: CXX_FEATURE:1cxx_extern_templates
    Feature record: CXX_FEATURE:1cxx_final
    Feature record: CXX_FEATURE:1cxx_func_identifier
    Feature record: CXX_FEATURE:1cxx_generalized_initializers
    Feature record: CXX_FEATURE:0cxx_generic_lambdas
    Feature record: CXX_FEATURE:1cxx_inheriting_constructors
    Feature record: CXX_FEATURE:1cxx_inline_namespaces
    Feature record: CXX_FEATURE:1cxx_lambdas
    Feature record: CXX_FEATURE:0cxx_lambda_init_captures
    Feature record: CXX_FEATURE:1cxx_local_type_template_args
    Feature record: CXX_FEATURE:1cxx_long_long_type
    Feature record: CXX_FEATURE:1cxx_noexcept
    Feature record: CXX_FEATURE:1cxx_nonstatic_member_init
    Feature record: CXX_FEATURE:1cxx_nullptr
    Feature record: CXX_FEATURE:1cxx_override
    Feature record: CXX_FEATURE:1cxx_range_for
    Feature record: CXX_FEATURE:1cxx_raw_string_literals
    Feature record: CXX_FEATURE:1cxx_reference_qualified_functions
    Feature record: CXX_FEATURE:0cxx_relaxed_constexpr
    Feature record: CXX_FEATURE:0cxx_return_type_deduction
    Feature record: CXX_FEATURE:1cxx_right_angle_brackets
    Feature record: CXX_FEATURE:1cxx_rvalue_references
    Feature record: CXX_FEATURE:1cxx_sizeof_member
    Feature record: CXX_FEATURE:1cxx_static_assert
    Feature record: CXX_FEATURE:1cxx_strong_enums
    Feature record: CXX_FEATURE:1cxx_template_template_parameters
    Feature record: CXX_FEATURE:1cxx_thread_local
    Feature record: CXX_FEATURE:1cxx_trailing_return_types
    Feature record: CXX_FEATURE:1cxx_unicode_literals
    Feature record: CXX_FEATURE:1cxx_uniform_initialization
    Feature record: CXX_FEATURE:1cxx_unrestricted_unions
    Feature record: CXX_FEATURE:1cxx_user_literals
    Feature record: CXX_FEATURE:0cxx_variable_templates
    Feature record: CXX_FEATURE:1cxx_variadic_macros
    Feature record: CXX_FEATURE:1cxx_variadic_templates


Detecting CXX [-std=c++98] compiler features compiled with the following output:
Change Dir: /home/safeer/Documents/synergy/build/release/CMakeFiles/CMakeTmp

Run Build Command:"/usr/bin/make" "cmTC_3fed5/fast"
/usr/bin/make -f CMakeFiles/cmTC_3fed5.dir/build.make CMakeFiles/cmTC_3fed5.dir/build
make[1]: Entering directory '/home/safeer/Documents/synergy/build/release/CMakeFiles/CMakeTmp'
Building CXX object CMakeFiles/cmTC_3fed5.dir/feature_tests.cxx.o
/usr/bin/c++     -std=c++98 -o CMakeFiles/cmTC_3fed5.dir/feature_tests.cxx.o -c /home/safeer/Documents/synergy/build/release/CMakeFiles/feature_tests.cxx
Linking CXX executable cmTC_3fed5
/usr/bin/cmake -E cmake_link_script CMakeFiles/cmTC_3fed5.dir/link.txt --verbose=1
/usr/bin/c++        CMakeFiles/cmTC_3fed5.dir/feature_tests.cxx.o  -o cmTC_3fed5 -rdynamic 
make[1]: Leaving directory '/home/safeer/Documents/synergy/build/release/CMakeFiles/CMakeTmp'


    Feature record: CXX_FEATURE:0cxx_aggregate_default_initializers
    Feature record: CXX_FEATURE:0cxx_alias_templates
    Feature record: CXX_FEATURE:0cxx_alignas
    Feature record: CXX_FEATURE:0cxx_alignof
    Feature record: CXX_FEATURE:0cxx_attributes
    Feature record: CXX_FEATURE:0cxx_attribute_deprecated
    Feature record: CXX_FEATURE:0cxx_auto_type
    Feature record: CXX_FEATURE:0cxx_binary_literals
    Feature record: CXX_FEATURE:0cxx_constexpr
    Feature record: CXX_FEATURE:0cxx_contextual_conversions
    Feature record: CXX_FEATURE:0cxx_decltype
    Feature record: CXX_FEATURE:0cxx_decltype_auto
    Feature record: CXX_FEATURE:0cxx_decltype_incomplete_return_types
    Feature record: CXX_FEATURE:0cxx_default_function_template_args
    Feature record: CXX_FEATURE:0cxx_defaulted_functions
    Feature record: CXX_FEATURE:0cxx_defaulted_move_initializers
    Feature record: CXX_FEATURE:0cxx_delegating_constructors
    Feature record: CXX_FEATURE:0cxx_deleted_functions
    Feature record: CXX_FEATURE:0cxx_digit_separators
    Feature record: CXX_FEATURE:0cxx_enum_forward_declarations
    Feature record: CXX_FEATURE:0cxx_explicit_conversions
    Feature record: CXX_FEATURE:0cxx_extended_friend_declarations
    Feature record: CXX_FEATURE:0cxx_extern_templates
    Feature record: CXX_FEATURE:0cxx_final
    Feature record: CXX_FEATURE:0cxx_func_identifier
    Feature record: CXX_FEATURE:0cxx_generalized_initializers
    Feature record: CXX_FEATURE:0cxx_generic_lambdas
    Feature record: CXX_FEATURE:0cxx_inheriting_constructors
    Feature record: CXX_FEATURE:0cxx_inline_namespaces
    Feature record: CXX_FEATURE:0cxx_lambdas
    Feature record: CXX_FEATURE:0cxx_lambda_init_captures
    Feature record: CXX_FEATURE:0cxx_local_type_template_args
    Feature record: CXX_FEATURE:0cxx_long_long_type
    Feature record: CXX_FEATURE:0cxx_noexcept
    Feature record: CXX_FEATURE:0cxx_nonstatic_member_init
    Feature record: CXX_FEATURE:0cxx_nullptr
    Feature record: CXX_FEATURE:0cxx_override
    Feature record: CXX_FEATURE:0cxx_range_for
    Feature record: CXX_FEATURE:0cxx_raw_string_literals
    Feature record: CXX_FEATURE:0cxx_reference_qualified_functions
    Feature record: CXX_FEATURE:0cxx_relaxed_constexpr
    Feature record: CXX_FEATURE:0cxx_return_type_deduction
    Feature record: CXX_FEATURE:0cxx_right_angle_brackets
    Feature record: CXX_FEATURE:0cxx_rvalue_references
    Feature record: CXX_FEATURE:0cxx_sizeof_member
    Feature record: CXX_FEATURE:0cxx_static_assert
    Feature record: CXX_FEATURE:0cxx_strong_enums
    Feature record: CXX_FEATURE:1cxx_template_template_parameters
    Feature record: CXX_FEATURE:0cxx_thread_local
    Feature record: CXX_FEATURE:0cxx_trailing_return_types
    Feature record: CXX_FEATURE:0cxx_unicode_literals
    Feature record: CXX_FEATURE:0cxx_uniform_initialization
    Feature record: CXX_FEATURE:0cxx_unrestricted_unions
    Feature record: CXX_FEATURE:0cxx_user_literals
    Feature record: CXX_FEATURE:0cxx_variable_templates
    Feature record: CXX_FEATURE:0cxx_variadic_macros
    Feature record: CXX_FEATURE:0cxx_variadic_templates
Determining if the include file istream exists passed with the following output:
Change Dir: /home/safeer/Documents/synergy/build/release/CMakeFiles/CMakeTmp

Run Build Command:"/usr/bin/make" "cmTC_16cc4/fast"
/usr/bin/make -f CMakeFiles/cmTC_16cc4.dir/build.make CMakeFiles/cmTC_16cc4.dir/build
make[1]: Entering directory '/home/safeer/Documents/synergy/build/release/CMakeFiles/CMakeTmp'
Building CXX object CMakeFiles/cmTC_16cc4.dir/CheckIncludeFile.cxx.o
/usr/bin/c++     -Werror -Wno-unused-local-typedef -fPIC    -o CMakeFiles/cmTC_16cc4.dir/CheckIncludeFile.cxx.o -c /home/safeer/Documents/synergy/build/release/CMakeFiles/CMakeTmp/CheckIncludeFile.cxx
Linking CXX executable cmTC_16cc4
/usr/bin/cmake -E cmake_link_script CMakeFiles/cmTC_16cc4.dir/link.txt --verbose=1
/usr/bin/c++    -Werror -Wno-unused-local-typedef -fPIC     CMakeFiles/cmTC_16cc4.dir/CheckIncludeFile.cxx.o  -o cmTC_16cc4 -rdynamic 
make[1]: Leaving directory '/home/safeer/Documents/synergy/build/release/CMakeFiles/CMakeTmp'


Determining if the include file ostream exists passed with the following output:
Change Dir: /home/safeer/Documents/synergy/build/release/CMakeFiles/CMakeTmp

Run Build Command:"/usr/bin/make" "cmTC_e96ed/fast"
/usr/bin/make -f CMakeFiles/cmTC_e96ed.dir/build.make CMakeFiles/cmTC_e96ed.dir/build
make[1]: Entering directory '/home/safeer/Documents/synergy/build/release/CMakeFiles/CMakeTmp'
Building CXX object CMakeFiles/cmTC_e96ed.dir/CheckIncludeFile.cxx.o
/usr/bin/c++     -Werror -Wno-unused-local-typedef -fPIC    -o CMakeFiles/cmTC_e96ed.dir/CheckIncludeFile.cxx.o -c /home/safeer/Documents/synergy/build/release/CMakeFiles/CMakeTmp/CheckIncludeFile.cxx
Linking CXX executable cmTC_e96ed
/usr/bin/cmake -E cmake_link_script CMakeFiles/cmTC_e96ed.dir/link.txt --verbose=1
/usr/bin/c++    -Werror -Wno-unused-local-typedef -fPIC     CMakeFiles/cmTC_e96ed.dir/CheckIncludeFile.cxx.o  -o cmTC_e96ed -rdynamic 
make[1]: Leaving directory '/home/safeer/Documents/synergy/build/release/CMakeFiles/CMakeTmp'


Determining if the include file sstream exists passed with the following output:
Change Dir: /home/safeer/Documents/synergy/build/release/CMakeFiles/CMakeTmp

Run Build Command:"/usr/bin/make" "cmTC_2f573/fast"
/usr/bin/make -f CMakeFiles/cmTC_2f573.dir/build.make CMakeFiles/cmTC_2f573.dir/build
make[1]: Entering directory '/home/safeer/Documents/synergy/build/release/CMakeFiles/CMakeTmp'
Building CXX object CMakeFiles/cmTC_2f573.dir/CheckIncludeFile.cxx.o
/usr/bin/c++     -Werror -Wno-unused-local-typedef -fPIC    -o CMakeFiles/cmTC_2f573.dir/CheckIncludeFile.cxx.o -c /home/safeer/Documents/synergy/build/release/CMakeFiles/CMakeTmp/CheckIncludeFile.cxx
Linking CXX executable cmTC_2f573
/usr/bin/cmake -E cmake_link_script CMakeFiles/cmTC_2f573.dir/link.txt --verbose=1
/usr/bin/c++    -Werror -Wno-unused-local-typedef -fPIC     CMakeFiles/cmTC_2f573.dir/CheckIncludeFile.cxx.o  -o cmTC_2f573 -rdynamic 
make[1]: Leaving directory '/home/safeer/Documents/synergy/build/release/CMakeFiles/CMakeTmp'


Determining if files inttypes.h exist passed with the following output:
Change Dir: /home/safeer/Documents/synergy/build/release/CMakeFiles/CMakeTmp

Run Build Command:"/usr/bin/make" "cmTC_e8570/fast"
/usr/bin/make -f CMakeFiles/cmTC_e8570.dir/build.make CMakeFiles/cmTC_e8570.dir/build
make[1]: Entering directory '/home/safeer/Documents/synergy/build/release/CMakeFiles/CMakeTmp'
Building C object CMakeFiles/cmTC_e8570.dir/CheckIncludeFiles.c.o
/usr/bin/cc     -o CMakeFiles/cmTC_e8570.dir/CheckIncludeFiles.c.o   -c /home/safeer/Documents/synergy/build/release/CMakeFiles/CMakeTmp/CheckIncludeFiles.c
Linking C executable cmTC_e8570
/usr/bin/cmake -E cmake_link_script CMakeFiles/cmTC_e8570.dir/link.txt --verbose=1
/usr/bin/cc       CMakeFiles/cmTC_e8570.dir/CheckIncludeFiles.c.o  -o cmTC_e8570 -rdynamic 
make[1]: Leaving directory '/home/safeer/Documents/synergy/build/release/CMakeFiles/CMakeTmp'


Determining if files locale.h exist passed with the following output:
Change Dir: /home/safeer/Documents/synergy/build/release/CMakeFiles/CMakeTmp

Run Build Command:"/usr/bin/make" "cmTC_92025/fast"
/usr/bin/make -f CMakeFiles/cmTC_92025.dir/build.make CMakeFiles/cmTC_92025.dir/build
make[1]: Entering directory '/home/safeer/Documents/synergy/build/release/CMakeFiles/CMakeTmp'
Building C object CMakeFiles/cmTC_92025.dir/CheckIncludeFiles.c.o
/usr/bin/cc     -o CMakeFiles/cmTC_92025.dir/CheckIncludeFiles.c.o   -c /home/safeer/Documents/synergy/build/release/CMakeFiles/CMakeTmp/CheckIncludeFiles.c
Linking C executable cmTC_92025
/usr/bin/cmake -E cmake_link_script CMakeFiles/cmTC_92025.dir/link.txt --verbose=1
/usr/bin/cc       CMakeFiles/cmTC_92025.dir/CheckIncludeFiles.c.o  -o cmTC_92025 -rdynamic 
make[1]: Leaving directory '/home/safeer/Documents/synergy/build/release/CMakeFiles/CMakeTmp'


Determining if files memory.h exist passed with the following output:
Change Dir: /home/safeer/Documents/synergy/build/release/CMakeFiles/CMakeTmp

Run Build Command:"/usr/bin/make" "cmTC_c8e3c/fast"
/usr/bin/make -f CMakeFiles/cmTC_c8e3c.dir/build.make CMakeFiles/cmTC_c8e3c.dir/build
make[1]: Entering directory '/home/safeer/Documents/synergy/build/release/CMakeFiles/CMakeTmp'
Building C object CMakeFiles/cmTC_c8e3c.dir/CheckIncludeFiles.c.o
/usr/bin/cc     -o CMakeFiles/cmTC_c8e3c.dir/CheckIncludeFiles.c.o   -c /home/safeer/Documents/synergy/build/release/CMakeFiles/CMakeTmp/CheckIncludeFiles.c
Linking C executable cmTC_c8e3c
/usr/bin/cmake -E cmake_link_script CMakeFiles/cmTC_c8e3c.dir/link.txt --verbose=1
/usr/bin/cc       CMakeFiles/cmTC_c8e3c.dir/CheckIncludeFiles.c.o  -o cmTC_c8e3c -rdynamic 
make[1]: Leaving directory '/home/safeer/Documents/synergy/build/release/CMakeFiles/CMakeTmp'


Determining if files stdlib.h exist passed with the following output:
Change Dir: /home/safeer/Documents/synergy/build/release/CMakeFiles/CMakeTmp

Run Build Command:"/usr/bin/make" "cmTC_3da9a/fast"
/usr/bin/make -f CMakeFiles/cmTC_3da9a.dir/build.make CMakeFiles/cmTC_3da9a.dir/build
make[1]: Entering directory '/home/safeer/Documents/synergy/build/release/CMakeFiles/CMakeTmp'
Building C object CMakeFiles/cmTC_3da9a.dir/CheckIncludeFiles.c.o
/usr/bin/cc     -o CMakeFiles/cmTC_3da9a.dir/CheckIncludeFiles.c.o   -c /home/safeer/Documents/synergy/build/release/CMakeFiles/CMakeTmp/CheckIncludeFiles.c
Linking C executable cmTC_3da9a
/usr/bin/cmake -E cmake_link_script CMakeFiles/cmTC_3da9a.dir/link.txt --verbose=1
/usr/bin/cc       CMakeFiles/cmTC_3da9a.dir/CheckIncludeFiles.c.o  -o cmTC_3da9a -rdynamic 
make[1]: Leaving directory '/home/safeer/Documents/synergy/build/release/CMakeFiles/CMakeTmp'


Determining if files strings.h exist passed with the following output:
Change Dir: /home/safeer/Documents/synergy/build/release/CMakeFiles/CMakeTmp

Run Build Command:"/usr/bin/make" "cmTC_81251/fast"
/usr/bin/make -f CMakeFiles/cmTC_81251.dir/build.make CMakeFiles/cmTC_81251.dir/build
make[1]: Entering directory '/home/safeer/Documents/synergy/build/release/CMakeFiles/CMakeTmp'
Building C object CMakeFiles/cmTC_81251.dir/CheckIncludeFiles.c.o
/usr/bin/cc     -o CMakeFiles/cmTC_81251.dir/CheckIncludeFiles.c.o   -c /home/safeer/Documents/synergy/build/release/CMakeFiles/CMakeTmp/CheckIncludeFiles.c
Linking C executable cmTC_81251
/usr/bin/cmake -E cmake_link_script CMakeFiles/cmTC_81251.dir/link.txt --verbose=1
/usr/bin/cc       CMakeFiles/cmTC_81251.dir/CheckIncludeFiles.c.o  -o cmTC_81251 -rdynamic 
make[1]: Leaving directory '/home/safeer/Documents/synergy/build/release/CMakeFiles/CMakeTmp'


Determining if files string.h exist passed with the following output:
Change Dir: /home/safeer/Documents/synergy/build/release/CMakeFiles/CMakeTmp

Run Build Command:"/usr/bin/make" "cmTC_83bca/fast"
/usr/bin/make -f CMakeFiles/cmTC_83bca.dir/build.make CMakeFiles/cmTC_83bca.dir/build
make[1]: Entering directory '/home/safeer/Documents/synergy/build/release/CMakeFiles/CMakeTmp'
Building C object CMakeFiles/cmTC_83bca.dir/CheckIncludeFiles.c.o
/usr/bin/cc     -o CMakeFiles/cmTC_83bca.dir/CheckIncludeFiles.c.o   -c /home/safeer/Documents/synergy/build/release/CMakeFiles/CMakeTmp/CheckIncludeFiles.c
Linking C executable cmTC_83bca
/usr/bin/cmake -E cmake_link_script CMakeFiles/cmTC_83bca.dir/link.txt --verbose=1
/usr/bin/cc       CMakeFiles/cmTC_83bca.dir/CheckIncludeFiles.c.o  -o cmTC_83bca -rdynamic 
make[1]: Leaving directory '/home/safeer/Documents/synergy/build/release/CMakeFiles/CMakeTmp'


Determining if files sys/select.h exist passed with the following output:
Change Dir: /home/safeer/Documents/synergy/build/release/CMakeFiles/CMakeTmp

Run Build Command:"/usr/bin/make" "cmTC_a792a/fast"
/usr/bin/make -f CMakeFiles/cmTC_a792a.dir/build.make CMakeFiles/cmTC_a792a.dir/build
make[1]: Entering directory '/home/safeer/Documents/synergy/build/release/CMakeFiles/CMakeTmp'
Building C object CMakeFiles/cmTC_a792a.dir/CheckIncludeFiles.c.o
/usr/bin/cc     -o CMakeFiles/cmTC_a792a.dir/CheckIncludeFiles.c.o   -c /home/safeer/Documents/synergy/build/release/CMakeFiles/CMakeTmp/CheckIncludeFiles.c
Linking C executable cmTC_a792a
/usr/bin/cmake -E cmake_link_script CMakeFiles/cmTC_a792a.dir/link.txt --verbose=1
/usr/bin/cc       CMakeFiles/cmTC_a792a.dir/CheckIncludeFiles.c.o  -o cmTC_a792a -rdynamic 
make[1]: Leaving directory '/home/safeer/Documents/synergy/build/release/CMakeFiles/CMakeTmp'


Determining if files sys/socket.h exist passed with the following output:
Change Dir: /home/safeer/Documents/synergy/build/release/CMakeFiles/CMakeTmp

Run Build Command:"/usr/bin/make" "cmTC_531df/fast"
/usr/bin/make -f CMakeFiles/cmTC_531df.dir/build.make CMakeFiles/cmTC_531df.dir/build
make[1]: Entering directory '/home/safeer/Documents/synergy/build/release/CMakeFiles/CMakeTmp'
Building C object CMakeFiles/cmTC_531df.dir/CheckIncludeFiles.c.o
/usr/bin/cc     -o CMakeFiles/cmTC_531df.dir/CheckIncludeFiles.c.o   -c /home/safeer/Documents/synergy/build/release/CMakeFiles/CMakeTmp/CheckIncludeFiles.c
Linking C executable cmTC_531df
/usr/bin/cmake -E cmake_link_script CMakeFiles/cmTC_531df.dir/link.txt --verbose=1
/usr/bin/cc       CMakeFiles/cmTC_531df.dir/CheckIncludeFiles.c.o  -o cmTC_531df -rdynamic 
make[1]: Leaving directory '/home/safeer/Documents/synergy/build/release/CMakeFiles/CMakeTmp'


Determining if files sys/stat.h exist passed with the following output:
Change Dir: /home/safeer/Documents/synergy/build/release/CMakeFiles/CMakeTmp

Run Build Command:"/usr/bin/make" "cmTC_11ca7/fast"
/usr/bin/make -f CMakeFiles/cmTC_11ca7.dir/build.make CMakeFiles/cmTC_11ca7.dir/build
make[1]: Entering directory '/home/safeer/Documents/synergy/build/release/CMakeFiles/CMakeTmp'
Building C object CMakeFiles/cmTC_11ca7.dir/CheckIncludeFiles.c.o
/usr/bin/cc     -o CMakeFiles/cmTC_11ca7.dir/CheckIncludeFiles.c.o   -c /home/safeer/Documents/synergy/build/release/CMakeFiles/CMakeTmp/CheckIncludeFiles.c
Linking C executable cmTC_11ca7
/usr/bin/cmake -E cmake_link_script CMakeFiles/cmTC_11ca7.dir/link.txt --verbose=1
/usr/bin/cc       CMakeFiles/cmTC_11ca7.dir/CheckIncludeFiles.c.o  -o cmTC_11ca7 -rdynamic 
make[1]: Leaving directory '/home/safeer/Documents/synergy/build/release/CMakeFiles/CMakeTmp'


Determining if files sys/time.h exist passed with the following output:
Change Dir: /home/safeer/Documents/synergy/build/release/CMakeFiles/CMakeTmp

Run Build Command:"/usr/bin/make" "cmTC_df697/fast"
/usr/bin/make -f CMakeFiles/cmTC_df697.dir/build.make CMakeFiles/cmTC_df697.dir/build
make[1]: Entering directory '/home/safeer/Documents/synergy/build/release/CMakeFiles/CMakeTmp'
Building C object CMakeFiles/cmTC_df697.dir/CheckIncludeFiles.c.o
/usr/bin/cc     -o CMakeFiles/cmTC_df697.dir/CheckIncludeFiles.c.o   -c /home/safeer/Documents/synergy/build/release/CMakeFiles/CMakeTmp/CheckIncludeFiles.c
Linking C executable cmTC_df697
/usr/bin/cmake -E cmake_link_script CMakeFiles/cmTC_df697.dir/link.txt --verbose=1
/usr/bin/cc       CMakeFiles/cmTC_df697.dir/CheckIncludeFiles.c.o  -o cmTC_df697 -rdynamic 
make[1]: Leaving directory '/home/safeer/Documents/synergy/build/release/CMakeFiles/CMakeTmp'


Determining if files sys/utsname.h exist passed with the following output:
Change Dir: /home/safeer/Documents/synergy/build/release/CMakeFiles/CMakeTmp

Run Build Command:"/usr/bin/make" "cmTC_866ef/fast"
/usr/bin/make -f CMakeFiles/cmTC_866ef.dir/build.make CMakeFiles/cmTC_866ef.dir/build
make[1]: Entering directory '/home/safeer/Documents/synergy/build/release/CMakeFiles/CMakeTmp'
Building C object CMakeFiles/cmTC_866ef.dir/CheckIncludeFiles.c.o
/usr/bin/cc     -o CMakeFiles/cmTC_866ef.dir/CheckIncludeFiles.c.o   -c /home/safeer/Documents/synergy/build/release/CMakeFiles/CMakeTmp/CheckIncludeFiles.c
Linking C executable cmTC_866ef
/usr/bin/cmake -E cmake_link_script CMakeFiles/cmTC_866ef.dir/link.txt --verbose=1
/usr/bin/cc       CMakeFiles/cmTC_866ef.dir/CheckIncludeFiles.c.o  -o cmTC_866ef -rdynamic 
make[1]: Leaving directory '/home/safeer/Documents/synergy/build/release/CMakeFiles/CMakeTmp'


Determining if files unistd.h exist passed with the following output:
Change Dir: /home/safeer/Documents/synergy/build/release/CMakeFiles/CMakeTmp

Run Build Command:"/usr/bin/make" "cmTC_9e017/fast"
/usr/bin/make -f CMakeFiles/cmTC_9e017.dir/build.make CMakeFiles/cmTC_9e017.dir/build
make[1]: Entering directory '/home/safeer/Documents/synergy/build/release/CMakeFiles/CMakeTmp'
Building C object CMakeFiles/cmTC_9e017.dir/CheckIncludeFiles.c.o
/usr/bin/cc     -o CMakeFiles/cmTC_9e017.dir/CheckIncludeFiles.c.o   -c /home/safeer/Documents/synergy/build/release/CMakeFiles/CMakeTmp/CheckIncludeFiles.c
Linking C executable cmTC_9e017
/usr/bin/cmake -E cmake_link_script CMakeFiles/cmTC_9e017.dir/link.txt --verbose=1
/usr/bin/cc       CMakeFiles/cmTC_9e017.dir/CheckIncludeFiles.c.o  -o cmTC_9e017 -rdynamic 
make[1]: Leaving directory '/home/safeer/Documents/synergy/build/release/CMakeFiles/CMakeTmp'


Determining if files wchar.h exist passed with the following output:
Change Dir: /home/safeer/Documents/synergy/build/release/CMakeFiles/CMakeTmp

Run Build Command:"/usr/bin/make" "cmTC_824f0/fast"
/usr/bin/make -f CMakeFiles/cmTC_824f0.dir/build.make CMakeFiles/cmTC_824f0.dir/build
make[1]: Entering directory '/home/safeer/Documents/synergy/build/release/CMakeFiles/CMakeTmp'
Building C object CMakeFiles/cmTC_824f0.dir/CheckIncludeFiles.c.o
/usr/bin/cc     -o CMakeFiles/cmTC_824f0.dir/CheckIncludeFiles.c.o   -c /home/safeer/Documents/synergy/build/release/CMakeFiles/CMakeTmp/CheckIncludeFiles.c
Linking C executable cmTC_824f0
/usr/bin/cmake -E cmake_link_script CMakeFiles/cmTC_824f0.dir/link.txt --verbose=1
/usr/bin/cc       CMakeFiles/cmTC_824f0.dir/CheckIncludeFiles.c.o  -o cmTC_824f0 -rdynamic 
make[1]: Leaving directory '/home/safeer/Documents/synergy/build/release/CMakeFiles/CMakeTmp'


Determining if the function getpwuid_r exists passed with the following output:
Change Dir: /home/safeer/Documents/synergy/build/release/CMakeFiles/CMakeTmp

Run Build Command:"/usr/bin/make" "cmTC_2b7c2/fast"
/usr/bin/make -f CMakeFiles/cmTC_2b7c2.dir/build.make CMakeFiles/cmTC_2b7c2.dir/build
make[1]: Entering directory '/home/safeer/Documents/synergy/build/release/CMakeFiles/CMakeTmp'
Building C object CMakeFiles/cmTC_2b7c2.dir/CheckFunctionExists.c.o
/usr/bin/cc    -DCHECK_FUNCTION_EXISTS=getpwuid_r   -o CMakeFiles/cmTC_2b7c2.dir/CheckFunctionExists.c.o   -c /usr/share/cmake-3.5/Modules/CheckFunctionExists.c
Linking C executable cmTC_2b7c2
/usr/bin/cmake -E cmake_link_script CMakeFiles/cmTC_2b7c2.dir/link.txt --verbose=1
/usr/bin/cc   -DCHECK_FUNCTION_EXISTS=getpwuid_r    CMakeFiles/cmTC_2b7c2.dir/CheckFunctionExists.c.o  -o cmTC_2b7c2 -rdynamic 
make[1]: Leaving directory '/home/safeer/Documents/synergy/build/release/CMakeFiles/CMakeTmp'


Determining if the function gmtime_r exists passed with the following output:
Change Dir: /home/safeer/Documents/synergy/build/release/CMakeFiles/CMakeTmp

Run Build Command:"/usr/bin/make" "cmTC_0c222/fast"
/usr/bin/make -f CMakeFiles/cmTC_0c222.dir/build.make CMakeFiles/cmTC_0c222.dir/build
make[1]: Entering directory '/home/safeer/Documents/synergy/build/release/CMakeFiles/CMakeTmp'
Building C object CMakeFiles/cmTC_0c222.dir/CheckFunctionExists.c.o
/usr/bin/cc    -DCHECK_FUNCTION_EXISTS=gmtime_r   -o CMakeFiles/cmTC_0c222.dir/CheckFunctionExists.c.o   -c /usr/share/cmake-3.5/Modules/CheckFunctionExists.c
Linking C executable cmTC_0c222
/usr/bin/cmake -E cmake_link_script CMakeFiles/cmTC_0c222.dir/link.txt --verbose=1
/usr/bin/cc   -DCHECK_FUNCTION_EXISTS=gmtime_r    CMakeFiles/cmTC_0c222.dir/CheckFunctionExists.c.o  -o cmTC_0c222 -rdynamic 
make[1]: Leaving directory '/home/safeer/Documents/synergy/build/release/CMakeFiles/CMakeTmp'


Determining if the function nanosleep exists passed with the following output:
Change Dir: /home/safeer/Documents/synergy/build/release/CMakeFiles/CMakeTmp

Run Build Command:"/usr/bin/make" "cmTC_18e33/fast"
/usr/bin/make -f CMakeFiles/cmTC_18e33.dir/build.make CMakeFiles/cmTC_18e33.dir/build
make[1]: Entering directory '/home/safeer/Documents/synergy/build/release/CMakeFiles/CMakeTmp'
Building C object CMakeFiles/cmTC_18e33.dir/CheckFunctionExists.c.o
/usr/bin/cc    -DCHECK_FUNCTION_EXISTS=nanosleep   -o CMakeFiles/cmTC_18e33.dir/CheckFunctionExists.c.o   -c /usr/share/cmake-3.5/Modules/CheckFunctionExists.c
Linking C executable cmTC_18e33
/usr/bin/cmake -E cmake_link_script CMakeFiles/cmTC_18e33.dir/link.txt --verbose=1
/usr/bin/cc   -DCHECK_FUNCTION_EXISTS=nanosleep    CMakeFiles/cmTC_18e33.dir/CheckFunctionExists.c.o  -o cmTC_18e33 -rdynamic 
make[1]: Leaving directory '/home/safeer/Documents/synergy/build/release/CMakeFiles/CMakeTmp'


Determining if the function poll exists passed with the following output:
Change Dir: /home/safeer/Documents/synergy/build/release/CMakeFiles/CMakeTmp

Run Build Command:"/usr/bin/make" "cmTC_49865/fast"
/usr/bin/make -f CMakeFiles/cmTC_49865.dir/build.make CMakeFiles/cmTC_49865.dir/build
make[1]: Entering directory '/home/safeer/Documents/synergy/build/release/CMakeFiles/CMakeTmp'
Building C object CMakeFiles/cmTC_49865.dir/CheckFunctionExists.c.o
/usr/bin/cc    -DCHECK_FUNCTION_EXISTS=poll   -o CMakeFiles/cmTC_49865.dir/CheckFunctionExists.c.o   -c /usr/share/cmake-3.5/Modules/CheckFunctionExists.c
Linking C executable cmTC_49865
/usr/bin/cmake -E cmake_link_script CMakeFiles/cmTC_49865.dir/link.txt --verbose=1
/usr/bin/cc   -DCHECK_FUNCTION_EXISTS=poll    CMakeFiles/cmTC_49865.dir/CheckFunctionExists.c.o  -o cmTC_49865 -rdynamic 
make[1]: Leaving directory '/home/safeer/Documents/synergy/build/release/CMakeFiles/CMakeTmp'


Determining if the function sigwait exists passed with the following output:
Change Dir: /home/safeer/Documents/synergy/build/release/CMakeFiles/CMakeTmp

Run Build Command:"/usr/bin/make" "cmTC_23290/fast"
/usr/bin/make -f CMakeFiles/cmTC_23290.dir/build.make CMakeFiles/cmTC_23290.dir/build
make[1]: Entering directory '/home/safeer/Documents/synergy/build/release/CMakeFiles/CMakeTmp'
Building C object CMakeFiles/cmTC_23290.dir/CheckFunctionExists.c.o
/usr/bin/cc    -DCHECK_FUNCTION_EXISTS=sigwait   -o CMakeFiles/cmTC_23290.dir/CheckFunctionExists.c.o   -c /usr/share/cmake-3.5/Modules/CheckFunctionExists.c
Linking C executable cmTC_23290
/usr/bin/cmake -E cmake_link_script CMakeFiles/cmTC_23290.dir/link.txt --verbose=1
/usr/bin/cc   -DCHECK_FUNCTION_EXISTS=sigwait    CMakeFiles/cmTC_23290.dir/CheckFunctionExists.c.o  -o cmTC_23290 -rdynamic 
make[1]: Leaving directory '/home/safeer/Documents/synergy/build/release/CMakeFiles/CMakeTmp'


Determining if the function strftime exists passed with the following output:
Change Dir: /home/safeer/Documents/synergy/build/release/CMakeFiles/CMakeTmp

Run Build Command:"/usr/bin/make" "cmTC_dde12/fast"
/usr/bin/make -f CMakeFiles/cmTC_dde12.dir/build.make CMakeFiles/cmTC_dde12.dir/build
make[1]: Entering directory '/home/safeer/Documents/synergy/build/release/CMakeFiles/CMakeTmp'
Building C object CMakeFiles/cmTC_dde12.dir/CheckFunctionExists.c.o
/usr/bin/cc    -DCHECK_FUNCTION_EXISTS=strftime   -o CMakeFiles/cmTC_dde12.dir/CheckFunctionExists.c.o   -c /usr/share/cmake-3.5/Modules/CheckFunctionExists.c
<command-line>:0:23: warning: conflicting types for built-in function strftime
/usr/share/cmake-3.5/Modules/CheckFunctionExists.c:6:6: note: in expansion of macro CHECK_FUNCTION_EXISTS
 char CHECK_FUNCTION_EXISTS();
      ^
Linking C executable cmTC_dde12
/usr/bin/cmake -E cmake_link_script CMakeFiles/cmTC_dde12.dir/link.txt --verbose=1
/usr/bin/cc   -DCHECK_FUNCTION_EXISTS=strftime    CMakeFiles/cmTC_dde12.dir/CheckFunctionExists.c.o  -o cmTC_dde12 -rdynamic 
make[1]: Leaving directory '/home/safeer/Documents/synergy/build/release/CMakeFiles/CMakeTmp'


Determining if the function vsnprintf exists passed with the following output:
Change Dir: /home/safeer/Documents/synergy/build/release/CMakeFiles/CMakeTmp

Run Build Command:"/usr/bin/make" "cmTC_8865d/fast"
/usr/bin/make -f CMakeFiles/cmTC_8865d.dir/build.make CMakeFiles/cmTC_8865d.dir/build
make[1]: Entering directory '/home/safeer/Documents/synergy/build/release/CMakeFiles/CMakeTmp'
Building C object CMakeFiles/cmTC_8865d.dir/CheckFunctionExists.c.o
/usr/bin/cc    -DCHECK_FUNCTION_EXISTS=vsnprintf   -o CMakeFiles/cmTC_8865d.dir/CheckFunctionExists.c.o   -c /usr/share/cmake-3.5/Modules/CheckFunctionExists.c
<command-line>:0:23: warning: conflicting types for built-in function vsnprintf
/usr/share/cmake-3.5/Modules/CheckFunctionExists.c:6:6: note: in expansion of macro CHECK_FUNCTION_EXISTS
 char CHECK_FUNCTION_EXISTS();
      ^
Linking C executable cmTC_8865d
/usr/bin/cmake -E cmake_link_script CMakeFiles/cmTC_8865d.dir/link.txt --verbose=1
/usr/bin/cc   -DCHECK_FUNCTION_EXISTS=vsnprintf    CMakeFiles/cmTC_8865d.dir/CheckFunctionExists.c.o  -o cmTC_8865d -rdynamic 
make[1]: Leaving directory '/home/safeer/Documents/synergy/build/release/CMakeFiles/CMakeTmp'


Determining if the function inet_aton exists passed with the following output:
Change Dir: /home/safeer/Documents/synergy/build/release/CMakeFiles/CMakeTmp

Run Build Command:"/usr/bin/make" "cmTC_5006d/fast"
/usr/bin/make -f CMakeFiles/cmTC_5006d.dir/build.make CMakeFiles/cmTC_5006d.dir/build
make[1]: Entering directory '/home/safeer/Documents/synergy/build/release/CMakeFiles/CMakeTmp'
Building C object CMakeFiles/cmTC_5006d.dir/CheckFunctionExists.c.o
/usr/bin/cc    -DCHECK_FUNCTION_EXISTS=inet_aton   -o CMakeFiles/cmTC_5006d.dir/CheckFunctionExists.c.o   -c /usr/share/cmake-3.5/Modules/CheckFunctionExists.c
Linking C executable cmTC_5006d
/usr/bin/cmake -E cmake_link_script CMakeFiles/cmTC_5006d.dir/link.txt --verbose=1
/usr/bin/cc   -DCHECK_FUNCTION_EXISTS=inet_aton    CMakeFiles/cmTC_5006d.dir/CheckFunctionExists.c.o  -o cmTC_5006d -rdynamic 
make[1]: Leaving directory '/home/safeer/Documents/synergy/build/release/CMakeFiles/CMakeTmp'


Determining if the include file sys/types.h exists passed with the following output:
Change Dir: /home/safeer/Documents/synergy/build/release/CMakeFiles/CMakeTmp

Run Build Command:"/usr/bin/make" "cmTC_c9cfd/fast"
/usr/bin/make -f CMakeFiles/cmTC_c9cfd.dir/build.make CMakeFiles/cmTC_c9cfd.dir/build
make[1]: Entering directory '/home/safeer/Documents/synergy/build/release/CMakeFiles/CMakeTmp'
Building C object CMakeFiles/cmTC_c9cfd.dir/CheckIncludeFile.c.o
/usr/bin/cc     -o CMakeFiles/cmTC_c9cfd.dir/CheckIncludeFile.c.o   -c /home/safeer/Documents/synergy/build/release/CMakeFiles/CMakeTmp/CheckIncludeFile.c
Linking C executable cmTC_c9cfd
/usr/bin/cmake -E cmake_link_script CMakeFiles/cmTC_c9cfd.dir/link.txt --verbose=1
/usr/bin/cc       CMakeFiles/cmTC_c9cfd.dir/CheckIncludeFile.c.o  -o cmTC_c9cfd -rdynamic 
make[1]: Leaving directory '/home/safeer/Documents/synergy/build/release/CMakeFiles/CMakeTmp'


Determining if the include file stdint.h exists passed with the following output:
Change Dir: /home/safeer/Documents/synergy/build/release/CMakeFiles/CMakeTmp

Run Build Command:"/usr/bin/make" "cmTC_40f79/fast"
/usr/bin/make -f CMakeFiles/cmTC_40f79.dir/build.make CMakeFiles/cmTC_40f79.dir/build
make[1]: Entering directory '/home/safeer/Documents/synergy/build/release/CMakeFiles/CMakeTmp'
Building C object CMakeFiles/cmTC_40f79.dir/CheckIncludeFile.c.o
/usr/bin/cc     -o CMakeFiles/cmTC_40f79.dir/CheckIncludeFile.c.o   -c /home/safeer/Documents/synergy/build/release/CMakeFiles/CMakeTmp/CheckIncludeFile.c
Linking C executable cmTC_40f79
/usr/bin/cmake -E cmake_link_script CMakeFiles/cmTC_40f79.dir/link.txt --verbose=1
/usr/bin/cc       CMakeFiles/cmTC_40f79.dir/CheckIncludeFile.c.o  -o cmTC_40f79 -rdynamic 
make[1]: Leaving directory '/home/safeer/Documents/synergy/build/release/CMakeFiles/CMakeTmp'


Determining if the include file stddef.h exists passed with the following output:
Change Dir: /home/safeer/Documents/synergy/build/release/CMakeFiles/CMakeTmp

Run Build Command:"/usr/bin/make" "cmTC_cb98d/fast"
/usr/bin/make -f CMakeFiles/cmTC_cb98d.dir/build.make CMakeFiles/cmTC_cb98d.dir/build
make[1]: Entering directory '/home/safeer/Documents/synergy/build/release/CMakeFiles/CMakeTmp'
Building C object CMakeFiles/cmTC_cb98d.dir/CheckIncludeFile.c.o
/usr/bin/cc     -o CMakeFiles/cmTC_cb98d.dir/CheckIncludeFile.c.o   -c /home/safeer/Documents/synergy/build/release/CMakeFiles/CMakeTmp/CheckIncludeFile.c
Linking C executable cmTC_cb98d
/usr/bin/cmake -E cmake_link_script CMakeFiles/cmTC_cb98d.dir/link.txt --verbose=1
/usr/bin/cc       CMakeFiles/cmTC_cb98d.dir/CheckIncludeFile.c.o  -o cmTC_cb98d -rdynamic 
make[1]: Leaving directory '/home/safeer/Documents/synergy/build/release/CMakeFiles/CMakeTmp'


Determining size of char passed with the following output:
Change Dir: /home/safeer/Documents/synergy/build/release/CMakeFiles/CMakeTmp

Run Build Command:"/usr/bin/make" "cmTC_1f56a/fast"
/usr/bin/make -f CMakeFiles/cmTC_1f56a.dir/build.make CMakeFiles/cmTC_1f56a.dir/build
make[1]: Entering directory '/home/safeer/Documents/synergy/build/release/CMakeFiles/CMakeTmp'
Building C object CMakeFiles/cmTC_1f56a.dir/SIZEOF_CHAR.c.o
/usr/bin/cc     -o CMakeFiles/cmTC_1f56a.dir/SIZEOF_CHAR.c.o   -c /home/safeer/Documents/synergy/build/release/CMakeFiles/CheckTypeSize/SIZEOF_CHAR.c
Linking C executable cmTC_1f56a
/usr/bin/cmake -E cmake_link_script CMakeFiles/cmTC_1f56a.dir/link.txt --verbose=1
/usr/bin/cc       CMakeFiles/cmTC_1f56a.dir/SIZEOF_CHAR.c.o  -o cmTC_1f56a -rdynamic 
make[1]: Leaving directory '/home/safeer/Documents/synergy/build/release/CMakeFiles/CMakeTmp'


Determining size of int passed with the following output:
Change Dir: /home/safeer/Documents/synergy/build/release/CMakeFiles/CMakeTmp

Run Build Command:"/usr/bin/make" "cmTC_288ec/fast"
/usr/bin/make -f CMakeFiles/cmTC_288ec.dir/build.make CMakeFiles/cmTC_288ec.dir/build
make[1]: Entering directory '/home/safeer/Documents/synergy/build/release/CMakeFiles/CMakeTmp'
Building C object CMakeFiles/cmTC_288ec.dir/SIZEOF_INT.c.o
/usr/bin/cc     -o CMakeFiles/cmTC_288ec.dir/SIZEOF_INT.c.o   -c /home/safeer/Documents/synergy/build/release/CMakeFiles/CheckTypeSize/SIZEOF_INT.c
Linking C executable cmTC_288ec
/usr/bin/cmake -E cmake_link_script CMakeFiles/cmTC_288ec.dir/link.txt --verbose=1
/usr/bin/cc       CMakeFiles/cmTC_288ec.dir/SIZEOF_INT.c.o  -o cmTC_288ec -rdynamic 
make[1]: Leaving directory '/home/safeer/Documents/synergy/build/release/CMakeFiles/CMakeTmp'


Determining size of long passed with the following output:
Change Dir: /home/safeer/Documents/synergy/build/release/CMakeFiles/CMakeTmp

Run Build Command:"/usr/bin/make" "cmTC_36a17/fast"
/usr/bin/make -f CMakeFiles/cmTC_36a17.dir/build.make CMakeFiles/cmTC_36a17.dir/build
make[1]: Entering directory '/home/safeer/Documents/synergy/build/release/CMakeFiles/CMakeTmp'
Building C object CMakeFiles/cmTC_36a17.dir/SIZEOF_LONG.c.o
/usr/bin/cc     -o CMakeFiles/cmTC_36a17.dir/SIZEOF_LONG.c.o   -c /home/safeer/Documents/synergy/build/release/CMakeFiles/CheckTypeSize/SIZEOF_LONG.c
Linking C executable cmTC_36a17
/usr/bin/cmake -E cmake_link_script CMakeFiles/cmTC_36a17.dir/link.txt --verbose=1
/usr/bin/cc       CMakeFiles/cmTC_36a17.dir/SIZEOF_LONG.c.o  -o cmTC_36a17 -rdynamic 
make[1]: Leaving directory '/home/safeer/Documents/synergy/build/release/CMakeFiles/CMakeTmp'


Determining size of short passed with the following output:
Change Dir: /home/safeer/Documents/synergy/build/release/CMakeFiles/CMakeTmp

Run Build Command:"/usr/bin/make" "cmTC_4c664/fast"
/usr/bin/make -f CMakeFiles/cmTC_4c664.dir/build.make CMakeFiles/cmTC_4c664.dir/build
make[1]: Entering directory '/home/safeer/Documents/synergy/build/release/CMakeFiles/CMakeTmp'
Building C object CMakeFiles/cmTC_4c664.dir/SIZEOF_SHORT.c.o
/usr/bin/cc     -o CMakeFiles/cmTC_4c664.dir/SIZEOF_SHORT.c.o   -c /home/safeer/Documents/synergy/build/release/CMakeFiles/CheckTypeSize/SIZEOF_SHORT.c
Linking C executable cmTC_4c664
/usr/bin/cmake -E cmake_link_script CMakeFiles/cmTC_4c664.dir/link.txt --verbose=1
/usr/bin/cc       CMakeFiles/cmTC_4c664.dir/SIZEOF_SHORT.c.o  -o cmTC_4c664 -rdynamic 
make[1]: Leaving directory '/home/safeer/Documents/synergy/build/release/CMakeFiles/CMakeTmp'


Determining if the function pthread_create exists in the pthread passed with the following output:
Change Dir: /home/safeer/Documents/synergy/build/release/CMakeFiles/CMakeTmp

Run Build Command:"/usr/bin/make" "cmTC_87455/fast"
/usr/bin/make -f CMakeFiles/cmTC_87455.dir/build.make CMakeFiles/cmTC_87455.dir/build
make[1]: Entering directory '/home/safeer/Documents/synergy/build/release/CMakeFiles/CMakeTmp'
Building C object CMakeFiles/cmTC_87455.dir/CheckFunctionExists.c.o
/usr/bin/cc    -DCHECK_FUNCTION_EXISTS=pthread_create   -o CMakeFiles/cmTC_87455.dir/CheckFunctionExists.c.o   -c /usr/share/cmake-3.5/Modules/CheckFunctionExists.c
Linking C executable cmTC_87455
/usr/bin/cmake -E cmake_link_script CMakeFiles/cmTC_87455.dir/link.txt --verbose=1
/usr/bin/cc   -DCHECK_FUNCTION_EXISTS=pthread_create    CMakeFiles/cmTC_87455.dir/CheckFunctionExists.c.o  -o cmTC_87455 -rdynamic -lpthread 
make[1]: Leaving directory '/home/safeer/Documents/synergy/build/release/CMakeFiles/CMakeTmp'


Determining size of XRRNotifyEvent passed with the following output:
Change Dir: /home/safeer/Documents/synergy/build/release/CMakeFiles/CMakeTmp

Run Build Command:"/usr/bin/make" "cmTC_5fdb6/fast"
/usr/bin/make -f CMakeFiles/cmTC_5fdb6.dir/build.make CMakeFiles/cmTC_5fdb6.dir/build
make[1]: Entering directory '/home/safeer/Documents/synergy/build/release/CMakeFiles/CMakeTmp'
Building C object CMakeFiles/cmTC_5fdb6.dir/X11_EXTENSIONS_XRANDR_H.c.o
/usr/bin/cc     -o CMakeFiles/cmTC_5fdb6.dir/X11_EXTENSIONS_XRANDR_H.c.o   -c /home/safeer/Documents/synergy/build/release/CMakeFiles/CheckTypeSize/X11_EXTENSIONS_XRANDR_H.c
Linking C executable cmTC_5fdb6
/usr/bin/cmake -E cmake_link_script CMakeFiles/cmTC_5fdb6.dir/link.txt --verbose=1
/usr/bin/cc       CMakeFiles/cmTC_5fdb6.dir/X11_EXTENSIONS_XRANDR_H.c.o  -o cmTC_5fdb6 -rdynamic 
make[1]: Leaving directory '/home/safeer/Documents/synergy/build/release/CMakeFiles/CMakeTmp'


Determining if files X11/Xlib.h;X11/XKBlib.h;X11/extensions/dpms.h exist passed with the following output:
Change Dir: /home/safeer/Documents/synergy/build/release/CMakeFiles/CMakeTmp

Run Build Command:"/usr/bin/make" "cmTC_f5e5a/fast"
/usr/bin/make -f CMakeFiles/cmTC_f5e5a.dir/build.make CMakeFiles/cmTC_f5e5a.dir/build
make[1]: Entering directory '/home/safeer/Documents/synergy/build/release/CMakeFiles/CMakeTmp'
Building C object CMakeFiles/cmTC_f5e5a.dir/CheckIncludeFiles.c.o
/usr/bin/cc     -o CMakeFiles/cmTC_f5e5a.dir/CheckIncludeFiles.c.o   -c /home/safeer/Documents/synergy/build/release/CMakeFiles/CMakeTmp/CheckIncludeFiles.c
Linking C executable cmTC_f5e5a
/usr/bin/cmake -E cmake_link_script CMakeFiles/cmTC_f5e5a.dir/link.txt --verbose=1
/usr/bin/cc       CMakeFiles/cmTC_f5e5a.dir/CheckIncludeFiles.c.o  -o cmTC_f5e5a -rdynamic 
make[1]: Leaving directory '/home/safeer/Documents/synergy/build/release/CMakeFiles/CMakeTmp'


Determining if files X11/extensions/Xinerama.h exist passed with the following output:
Change Dir: /home/safeer/Documents/synergy/build/release/CMakeFiles/CMakeTmp

Run Build Command:"/usr/bin/make" "cmTC_ad8de/fast"
/usr/bin/make -f CMakeFiles/cmTC_ad8de.dir/build.make CMakeFiles/cmTC_ad8de.dir/build
make[1]: Entering directory '/home/safeer/Documents/synergy/build/release/CMakeFiles/CMakeTmp'
Building C object CMakeFiles/cmTC_ad8de.dir/CheckIncludeFiles.c.o
/usr/bin/cc     -o CMakeFiles/cmTC_ad8de.dir/CheckIncludeFiles.c.o   -c /home/safeer/Documents/synergy/build/release/CMakeFiles/CMakeTmp/CheckIncludeFiles.c
Linking C executable cmTC_ad8de
/usr/bin/cmake -E cmake_link_script CMakeFiles/cmTC_ad8de.dir/link.txt --verbose=1
/usr/bin/cc       CMakeFiles/cmTC_ad8de.dir/CheckIncludeFiles.c.o  -o cmTC_ad8de -rdynamic 
make[1]: Leaving directory '/home/safeer/Documents/synergy/build/release/CMakeFiles/CMakeTmp'


Determining if files X11/Xlib.h;X11/XKBlib.h;X11/extensions/XKBstr.h exist passed with the following output:
Change Dir: /home/safeer/Documents/synergy/build/release/CMakeFiles/CMakeTmp

Run Build Command:"/usr/bin/make" "cmTC_1dc9f/fast"
/usr/bin/make -f CMakeFiles/cmTC_1dc9f.dir/build.make CMakeFiles/cmTC_1dc9f.dir/build
make[1]: Entering directory '/home/safeer/Documents/synergy/build/release/CMakeFiles/CMakeTmp'
Building C object CMakeFiles/cmTC_1dc9f.dir/CheckIncludeFiles.c.o
/usr/bin/cc     -o CMakeFiles/cmTC_1dc9f.dir/CheckIncludeFiles.c.o   -c /home/safeer/Documents/synergy/build/release/CMakeFiles/CMakeTmp/CheckIncludeFiles.c
Linking C executable cmTC_1dc9f
/usr/bin/cmake -E cmake_link_script CMakeFiles/cmTC_1dc9f.dir/link.txt --verbose=1
/usr/bin/cc       CMakeFiles/cmTC_1dc9f.dir/CheckIncludeFiles.c.o  -o cmTC_1dc9f -rdynamic 
make[1]: Leaving directory '/home/safeer/Documents/synergy/build/release/CMakeFiles/CMakeTmp'


Determining if files X11/extensions/XKB.h exist passed with the following output:
Change Dir: /home/safeer/Documents/synergy/build/release/CMakeFiles/CMakeTmp

Run Build Command:"/usr/bin/make" "cmTC_1ad4f/fast"
/usr/bin/make -f CMakeFiles/cmTC_1ad4f.dir/build.make CMakeFiles/cmTC_1ad4f.dir/build
make[1]: Entering directory '/home/safeer/Documents/synergy/build/release/CMakeFiles/CMakeTmp'
Building C object CMakeFiles/cmTC_1ad4f.dir/CheckIncludeFiles.c.o
/usr/bin/cc     -o CMakeFiles/cmTC_1ad4f.dir/CheckIncludeFiles.c.o   -c /home/safeer/Documents/synergy/build/release/CMakeFiles/CMakeTmp/CheckIncludeFiles.c
Linking C executable cmTC_1ad4f
/usr/bin/cmake -E cmake_link_script CMakeFiles/cmTC_1ad4f.dir/link.txt --verbose=1
/usr/bin/cc       CMakeFiles/cmTC_1ad4f.dir/CheckIncludeFiles.c.o  -o cmTC_1ad4f -rdynamic 
make[1]: Leaving directory '/home/safeer/Documents/synergy/build/release/CMakeFiles/CMakeTmp'


Determining if files X11/extensions/XTest.h exist passed with the following output:
Change Dir: /home/safeer/Documents/synergy/build/release/CMakeFiles/CMakeTmp

Run Build Command:"/usr/bin/make" "cmTC_ed285/fast"
/usr/bin/make -f CMakeFiles/cmTC_ed285.dir/build.make CMakeFiles/cmTC_ed285.dir/build
make[1]: Entering directory '/home/safeer/Documents/synergy/build/release/CMakeFiles/CMakeTmp'
Building C object CMakeFiles/cmTC_ed285.dir/CheckIncludeFiles.c.o
/usr/bin/cc     -o CMakeFiles/cmTC_ed285.dir/CheckIncludeFiles.c.o   -c /home/safeer/Documents/synergy/build/release/CMakeFiles/CMakeTmp/CheckIncludeFiles.c
Linking C executable cmTC_ed285
/usr/bin/cmake -E cmake_link_script CMakeFiles/cmTC_ed285.dir/link.txt --verbose=1
/usr/bin/cc       CMakeFiles/cmTC_ed285.dir/CheckIncludeFiles.c.o  -o cmTC_ed285 -rdynamic 
make[1]: Leaving directory '/home/safeer/Documents/synergy/build/release/CMakeFiles/CMakeTmp'


Determining if files X11/Xlib.h;X11/XKBlib.h exist passed with the following output:
Change Dir: /home/safeer/Documents/synergy/build/release/CMakeFiles/CMakeTmp

Run Build Command:"/usr/bin/make" "cmTC_f08d5/fast"
/usr/bin/make -f CMakeFiles/cmTC_f08d5.dir/build.make CMakeFiles/cmTC_f08d5.dir/build
make[1]: Entering directory '/home/safeer/Documents/synergy/build/release/CMakeFiles/CMakeTmp'
Building C object CMakeFiles/cmTC_f08d5.dir/CheckIncludeFiles.c.o
/usr/bin/cc     -o CMakeFiles/cmTC_f08d5.dir/CheckIncludeFiles.c.o   -c /home/safeer/Documents/synergy/build/release/CMakeFiles/CMakeTmp/CheckIncludeFiles.c
Linking C executable cmTC_f08d5
/usr/bin/cmake -E cmake_link_script CMakeFiles/cmTC_f08d5.dir/link.txt --verbose=1
/usr/bin/cc       CMakeFiles/cmTC_f08d5.dir/CheckIncludeFiles.c.o  -o cmTC_f08d5 -rdynamic 
make[1]: Leaving directory '/home/safeer/Documents/synergy/build/release/CMakeFiles/CMakeTmp'


Determining if files X11/extensions/XInput2.h exist passed with the following output:
Change Dir: /home/safeer/Documents/synergy/build/release/CMakeFiles/CMakeTmp

Run Build Command:"/usr/bin/make" "cmTC_b04d7/fast"
/usr/bin/make -f CMakeFiles/cmTC_b04d7.dir/build.make CMakeFiles/cmTC_b04d7.dir/build
make[1]: Entering directory '/home/safeer/Documents/synergy/build/release/CMakeFiles/CMakeTmp'
Building C object CMakeFiles/cmTC_b04d7.dir/CheckIncludeFiles.c.o
/usr/bin/cc     -o CMakeFiles/cmTC_b04d7.dir/CheckIncludeFiles.c.o   -c /home/safeer/Documents/synergy/build/release/CMakeFiles/CMakeTmp/CheckIncludeFiles.c
Linking C executable cmTC_b04d7
/usr/bin/cmake -E cmake_link_script CMakeFiles/cmTC_b04d7.dir/link.txt --verbose=1
/usr/bin/cc       CMakeFiles/cmTC_b04d7.dir/CheckIncludeFiles.c.o  -o cmTC_b04d7 -rdynamic 
make[1]: Leaving directory '/home/safeer/Documents/synergy/build/release/CMakeFiles/CMakeTmp'


Determining if the function IceConnectionNumber exists in the SM;ICE passed with the following output:
Change Dir: /home/safeer/Documents/synergy/build/release/CMakeFiles/CMakeTmp

Run Build Command:"/usr/bin/make" "cmTC_664a4/fast"
/usr/bin/make -f CMakeFiles/cmTC_664a4.dir/build.make CMakeFiles/cmTC_664a4.dir/build
make[1]: Entering directory '/home/safeer/Documents/synergy/build/release/CMakeFiles/CMakeTmp'
Building C object CMakeFiles/cmTC_664a4.dir/CheckFunctionExists.c.o
/usr/bin/cc    -DCHECK_FUNCTION_EXISTS=IceConnectionNumber   -o CMakeFiles/cmTC_664a4.dir/CheckFunctionExists.c.o   -c /usr/share/cmake-3.5/Modules/CheckFunctionExists.c
Linking C executable cmTC_664a4
/usr/bin/cmake -E cmake_link_script CMakeFiles/cmTC_664a4.dir/link.txt --verbose=1
/usr/bin/cc   -DCHECK_FUNCTION_EXISTS=IceConnectionNumber    CMakeFiles/cmTC_664a4.dir/CheckFunctionExists.c.o  -o cmTC_664a4 -rdynamic -lSM -lICE 
make[1]: Leaving directory '/home/safeer/Documents/synergy/build/release/CMakeFiles/CMakeTmp'


Determining if the function DPMSQueryExtension exists in the Xext;X11 passed with the following output:
Change Dir: /home/safeer/Documents/synergy/build/release/CMakeFiles/CMakeTmp

Run Build Command:"/usr/bin/make" "cmTC_9f29d/fast"
/usr/bin/make -f CMakeFiles/cmTC_9f29d.dir/build.make CMakeFiles/cmTC_9f29d.dir/build
make[1]: Entering directory '/home/safeer/Documents/synergy/build/release/CMakeFiles/CMakeTmp'
Building C object CMakeFiles/cmTC_9f29d.dir/CheckFunctionExists.c.o
/usr/bin/cc    -DCHECK_FUNCTION_EXISTS=DPMSQueryExtension   -o CMakeFiles/cmTC_9f29d.dir/CheckFunctionExists.c.o   -c /usr/share/cmake-3.5/Modules/CheckFunctionExists.c
Linking C executable cmTC_9f29d
/usr/bin/cmake -E cmake_link_script CMakeFiles/cmTC_9f29d.dir/link.txt --verbose=1
/usr/bin/cc   -DCHECK_FUNCTION_EXISTS=DPMSQueryExtension    CMakeFiles/cmTC_9f29d.dir/CheckFunctionExists.c.o  -o cmTC_9f29d -rdynamic -lXext -lX11 
make[1]: Leaving directory '/home/safeer/Documents/synergy/build/release/CMakeFiles/CMakeTmp'


Determining if the function XTestQueryExtension exists in the Xtst;Xext;X11 passed with the following output:
Change Dir: /home/safeer/Documents/synergy/build/release/CMakeFiles/CMakeTmp

Run Build Command:"/usr/bin/make" "cmTC_c52fc/fast"
/usr/bin/make -f CMakeFiles/cmTC_c52fc.dir/build.make CMakeFiles/cmTC_c52fc.dir/build
make[1]: Entering directory '/home/safeer/Documents/synergy/build/release/CMakeFiles/CMakeTmp'
Building C object CMakeFiles/cmTC_c52fc.dir/CheckFunctionExists.c.o
/usr/bin/cc    -DCHECK_FUNCTION_EXISTS=XTestQueryExtension   -o CMakeFiles/cmTC_c52fc.dir/CheckFunctionExists.c.o   -c /usr/share/cmake-3.5/Modules/CheckFunctionExists.c
Linking C executable cmTC_c52fc
/usr/bin/cmake -E cmake_link_script CMakeFiles/cmTC_c52fc.dir/link.txt --verbose=1
/usr/bin/cc   -DCHECK_FUNCTION_EXISTS=XTestQueryExtension    CMakeFiles/cmTC_c52fc.dir/CheckFunctionExists.c.o  -o cmTC_c52fc -rdynamic -lXtst -lXext -lX11 
make[1]: Leaving directory '/home/safeer/Documents/synergy/build/release/CMakeFiles/CMakeTmp'


Determining if the function XineramaQueryExtension exists in the Xinerama passed with the following output:
Change Dir: /home/safeer/Documents/synergy/build/release/CMakeFiles/CMakeTmp

Run Build Command:"/usr/bin/make" "cmTC_7a8b7/fast"
/usr/bin/make -f CMakeFiles/cmTC_7a8b7.dir/build.make CMakeFiles/cmTC_7a8b7.dir/build
make[1]: Entering directory '/home/safeer/Documents/synergy/build/release/CMakeFiles/CMakeTmp'
Building C object CMakeFiles/cmTC_7a8b7.dir/CheckFunctionExists.c.o
/usr/bin/cc    -DCHECK_FUNCTION_EXISTS=XineramaQueryExtension   -o CMakeFiles/cmTC_7a8b7.dir/CheckFunctionExists.c.o   -c /usr/share/cmake-3.5/Modules/CheckFunctionExists.c
Linking C executable cmTC_7a8b7
/usr/bin/cmake -E cmake_link_script CMakeFiles/cmTC_7a8b7.dir/link.txt --verbose=1
/usr/bin/cc   -DCHECK_FUNCTION_EXISTS=XineramaQueryExtension    CMakeFiles/cmTC_7a8b7.dir/CheckFunctionExists.c.o  -o cmTC_7a8b7 -rdynamic -lXinerama 
make[1]: Leaving directory '/home/safeer/Documents/synergy/build/release/CMakeFiles/CMakeTmp'


Determining if the function XISelectEvents exists in the Xi passed with the following output:
Change Dir: /home/safeer/Documents/synergy/build/release/CMakeFiles/CMakeTmp

Run Build Command:"/usr/bin/make" "cmTC_78e87/fast"
/usr/bin/make -f CMakeFiles/cmTC_78e87.dir/build.make CMakeFiles/cmTC_78e87.dir/build
make[1]: Entering directory '/home/safeer/Documents/synergy/build/release/CMakeFiles/CMakeTmp'
Building C object CMakeFiles/cmTC_78e87.dir/CheckFunctionExists.c.o
/usr/bin/cc    -DCHECK_FUNCTION_EXISTS=XISelectEvents   -o CMakeFiles/cmTC_78e87.dir/CheckFunctionExists.c.o   -c /usr/share/cmake-3.5/Modules/CheckFunctionExists.c
Linking C executable cmTC_78e87
/usr/bin/cmake -E cmake_link_script CMakeFiles/cmTC_78e87.dir/link.txt --verbose=1
/usr/bin/cc   -DCHECK_FUNCTION_EXISTS=XISelectEvents    CMakeFiles/cmTC_78e87.dir/CheckFunctionExists.c.o  -o cmTC_78e87 -rdynamic -lXi 
make[1]: Leaving directory '/home/safeer/Documents/synergy/build/release/CMakeFiles/CMakeTmp'


Determining if the function XRRQueryExtension exists in the Xrandr passed with the following output:
Change Dir: /home/safeer/Documents/synergy/build/release/CMakeFiles/CMakeTmp

Run Build Command:"/usr/bin/make" "cmTC_3bd1f/fast"
/usr/bin/make -f CMakeFiles/cmTC_3bd1f.dir/build.make CMakeFiles/cmTC_3bd1f.dir/build
make[1]: Entering directory '/home/safeer/Documents/synergy/build/release/CMakeFiles/CMakeTmp'
Building C object CMakeFiles/cmTC_3bd1f.dir/CheckFunctionExists.c.o
/usr/bin/cc    -DCHECK_FUNCTION_EXISTS=XRRQueryExtension   -o CMakeFiles/cmTC_3bd1f.dir/CheckFunctionExists.c.o   -c /usr/share/cmake-3.5/Modules/CheckFunctionExists.c
Linking C executable cmTC_3bd1f
/usr/bin/cmake -E cmake_link_script CMakeFiles/cmTC_3bd1f.dir/link.txt --verbose=1
/usr/bin/cc   -DCHECK_FUNCTION_EXISTS=XRRQueryExtension    CMakeFiles/cmTC_3bd1f.dir/CheckFunctionExists.c.o  -o cmTC_3bd1f -rdynamic -lXrandr 
make[1]: Leaving directory '/home/safeer/Documents/synergy/build/release/CMakeFiles/CMakeTmp'


